TRACE::2024-01-18.13:59:43::SCWPlatform::Trying to open the hw design at /home/trainmaster2/Documents/midi-genie/midi-genie/software/midi_genie_hw/hw/design_1_wrapper.xsa
TRACE::2024-01-18.13:59:43::SCWPlatform::DSA given /home/trainmaster2/Documents/midi-genie/midi-genie/software/midi_genie_hw/hw/design_1_wrapper.xsa
TRACE::2024-01-18.13:59:43::SCWPlatform::DSA absoulate path /home/trainmaster2/Documents/midi-genie/midi-genie/software/midi_genie_hw/hw/design_1_wrapper.xsa
TRACE::2024-01-18.13:59:43::SCWPlatform::DSA directory /home/trainmaster2/Documents/midi-genie/midi-genie/software/midi_genie_hw/hw
TRACE::2024-01-18.13:59:43::SCWPlatform:: Platform Path /home/trainmaster2/Documents/midi-genie/midi-genie/software/midi_genie_hw/hw/design_1_wrapper.xsa
TRACE::2024-01-18.13:59:43::SCWPlatform:: Unique name xilinx:cmod_a7-35t::0.0
TRACE::2024-01-18.13:59:43::SCWPlatform::Do not have an existing db opened. 
TRACE::2024-01-18.13:59:54::SCWPlatform::Opened new HwDB with name design_1_wrapper_0
TRACE::2024-01-18.13:59:54::SCWWriter::formatted JSON is {
	"platformName":	"midi_genie_hw",
	"sprVersion":	"2.0",
	"mode":	"gui",
	"dsaType":	"Fixed",
	"platformDesc":	"midi_genie_hw",
	"platHandOff":	"/home/trainmaster2/Documents/midi-genie/midi-genie/design_1_wrapper.xsa",
	"platIntHandOff":	"<platformDir>/hw/design_1_wrapper.xsa",
	"deviceType":	"FPGA",
	"platIsPrebuiltAutogen":	"false",
	"platIsNoBootBsp":	"false",
	"hasFsblMakeHasChanges":	"false",
	"hasPmufwMakeHasChanges":	"false",
	"platPreBuiltFlag":	false,
	"platformSamplesDir":	""
}
TRACE::2024-01-18.13:59:54::SCWWriter::formatted JSON is {
	"platformName":	"midi_genie_hw",
	"sprVersion":	"2.0",
	"mode":	"gui",
	"dsaType":	"Fixed",
	"platformDesc":	"midi_genie_hw",
	"platHandOff":	"/home/trainmaster2/Documents/midi-genie/midi-genie/design_1_wrapper.xsa",
	"platIntHandOff":	"<platformDir>/hw/design_1_wrapper.xsa",
	"deviceType":	"FPGA",
	"platIsPrebuiltAutogen":	"false",
	"platIsNoBootBsp":	"false",
	"hasFsblMakeHasChanges":	"false",
	"hasPmufwMakeHasChanges":	"false",
	"platPreBuiltFlag":	false,
	"platformSamplesDir":	"",
	"platActiveSys":	"midi_genie_hw",
	"systems":	[{
			"systemName":	"midi_genie_hw",
			"systemDesc":	"midi_genie_hw",
			"sysIsBootAutoGen":	"true",
			"systemDispName":	"midi_genie_hw"
		}]
}
TRACE::2024-01-18.13:59:54::SCWPlatform::Boot application domains not present, creating them
TRACE::2024-01-18.13:59:54::SCWPlatform::Pure FPGA device, no boot application will be created.
TRACE::2024-01-18.13:59:54::SCWWriter::formatted JSON is {
	"platformName":	"midi_genie_hw",
	"sprVersion":	"2.0",
	"mode":	"gui",
	"dsaType":	"Fixed",
	"platformDesc":	"midi_genie_hw",
	"platHandOff":	"/home/trainmaster2/Documents/midi-genie/midi-genie/design_1_wrapper.xsa",
	"platIntHandOff":	"<platformDir>/hw/design_1_wrapper.xsa",
	"deviceType":	"FPGA",
	"platIsPrebuiltAutogen":	"false",
	"platIsNoBootBsp":	"false",
	"hasFsblMakeHasChanges":	"false",
	"hasPmufwMakeHasChanges":	"false",
	"platPreBuiltFlag":	false,
	"platformSamplesDir":	"",
	"platActiveSys":	"midi_genie_hw",
	"systems":	[{
			"systemName":	"midi_genie_hw",
			"systemDesc":	"midi_genie_hw",
			"sysIsBootAutoGen":	"true",
			"systemDispName":	"midi_genie_hw"
		}]
}
TRACE::2024-01-18.13:59:54::SCWWriter::formatted JSON is {
	"platformName":	"midi_genie_hw",
	"sprVersion":	"2.0",
	"mode":	"gui",
	"dsaType":	"Fixed",
	"platformDesc":	"midi_genie_hw",
	"platHandOff":	"/home/trainmaster2/Documents/midi-genie/midi-genie/design_1_wrapper.xsa",
	"platIntHandOff":	"<platformDir>/hw/design_1_wrapper.xsa",
	"deviceType":	"FPGA",
	"platIsPrebuiltAutogen":	"false",
	"platIsNoBootBsp":	"false",
	"hasFsblMakeHasChanges":	"false",
	"hasPmufwMakeHasChanges":	"false",
	"platPreBuiltFlag":	false,
	"platformSamplesDir":	"",
	"platActiveSys":	"midi_genie_hw",
	"systems":	[{
			"systemName":	"midi_genie_hw",
			"systemDesc":	"midi_genie_hw",
			"sysIsBootAutoGen":	"true",
			"systemDispName":	"midi_genie_hw"
		}]
}
TRACE::2024-01-18.13:59:54::SCWPlatform::Trying to open the hw design at /home/trainmaster2/Documents/midi-genie/midi-genie/software/midi_genie_hw/hw/design_1_wrapper.xsa
TRACE::2024-01-18.13:59:54::SCWPlatform::DSA given /home/trainmaster2/Documents/midi-genie/midi-genie/software/midi_genie_hw/hw/design_1_wrapper.xsa
TRACE::2024-01-18.13:59:54::SCWPlatform::DSA absoulate path /home/trainmaster2/Documents/midi-genie/midi-genie/software/midi_genie_hw/hw/design_1_wrapper.xsa
TRACE::2024-01-18.13:59:54::SCWPlatform::DSA directory /home/trainmaster2/Documents/midi-genie/midi-genie/software/midi_genie_hw/hw
TRACE::2024-01-18.13:59:54::SCWPlatform:: Platform Path /home/trainmaster2/Documents/midi-genie/midi-genie/software/midi_genie_hw/hw/design_1_wrapper.xsa
TRACE::2024-01-18.13:59:54::SCWPlatform:: Unique name xilinx:cmod_a7-35t::0.0
TRACE::2024-01-18.13:59:54::SCWPlatform::Trying to set the existing hwdb with name design_1_wrapper_0
TRACE::2024-01-18.13:59:54::SCWPlatform::Opened existing hwdb design_1_wrapper_0
TRACE::2024-01-18.13:59:54::SCWPlatform::Found the Hw Db part of the input DSA
TRACE::2024-01-18.13:59:54::SCWPlatform::Trying to open the hw design at /home/trainmaster2/Documents/midi-genie/midi-genie/software/midi_genie_hw/hw/design_1_wrapper.xsa
TRACE::2024-01-18.13:59:54::SCWPlatform::DSA given /home/trainmaster2/Documents/midi-genie/midi-genie/software/midi_genie_hw/hw/design_1_wrapper.xsa
TRACE::2024-01-18.13:59:54::SCWPlatform::DSA absoulate path /home/trainmaster2/Documents/midi-genie/midi-genie/software/midi_genie_hw/hw/design_1_wrapper.xsa
TRACE::2024-01-18.13:59:54::SCWPlatform::DSA directory /home/trainmaster2/Documents/midi-genie/midi-genie/software/midi_genie_hw/hw
TRACE::2024-01-18.13:59:54::SCWPlatform:: Platform Path /home/trainmaster2/Documents/midi-genie/midi-genie/software/midi_genie_hw/hw/design_1_wrapper.xsa
TRACE::2024-01-18.13:59:54::SCWPlatform:: Unique name xilinx:cmod_a7-35t::0.0
TRACE::2024-01-18.13:59:54::SCWPlatform::Trying to set the existing hwdb with name design_1_wrapper_0
TRACE::2024-01-18.13:59:54::SCWPlatform::Opened existing hwdb design_1_wrapper_0
TRACE::2024-01-18.13:59:54::SCWPlatform::Found the Hw Db part of the input DSA
TRACE::2024-01-18.13:59:54::SCWDomain::checking for install qemu data   : 
TRACE::2024-01-18.13:59:54::SCWPlatform::Trying to open the hw design at /home/trainmaster2/Documents/midi-genie/midi-genie/software/midi_genie_hw/hw/design_1_wrapper.xsa
TRACE::2024-01-18.13:59:54::SCWPlatform::DSA given /home/trainmaster2/Documents/midi-genie/midi-genie/software/midi_genie_hw/hw/design_1_wrapper.xsa
TRACE::2024-01-18.13:59:54::SCWPlatform::DSA absoulate path /home/trainmaster2/Documents/midi-genie/midi-genie/software/midi_genie_hw/hw/design_1_wrapper.xsa
TRACE::2024-01-18.13:59:54::SCWPlatform::DSA directory /home/trainmaster2/Documents/midi-genie/midi-genie/software/midi_genie_hw/hw
TRACE::2024-01-18.13:59:54::SCWPlatform:: Platform Path /home/trainmaster2/Documents/midi-genie/midi-genie/software/midi_genie_hw/hw/design_1_wrapper.xsa
TRACE::2024-01-18.13:59:54::SCWPlatform:: Unique name xilinx:cmod_a7-35t::0.0
TRACE::2024-01-18.13:59:54::SCWPlatform::Trying to set the existing hwdb with name design_1_wrapper_0
TRACE::2024-01-18.13:59:54::SCWPlatform::Opened existing hwdb design_1_wrapper_0
TRACE::2024-01-18.13:59:54::SCWPlatform::Found the Hw Db part of the input DSA
TRACE::2024-01-18.13:59:54::SCWPlatform::Trying to open the hw design at /home/trainmaster2/Documents/midi-genie/midi-genie/software/midi_genie_hw/hw/design_1_wrapper.xsa
TRACE::2024-01-18.13:59:54::SCWPlatform::DSA given /home/trainmaster2/Documents/midi-genie/midi-genie/software/midi_genie_hw/hw/design_1_wrapper.xsa
TRACE::2024-01-18.13:59:54::SCWPlatform::DSA absoulate path /home/trainmaster2/Documents/midi-genie/midi-genie/software/midi_genie_hw/hw/design_1_wrapper.xsa
TRACE::2024-01-18.13:59:54::SCWPlatform::DSA directory /home/trainmaster2/Documents/midi-genie/midi-genie/software/midi_genie_hw/hw
TRACE::2024-01-18.13:59:54::SCWPlatform:: Platform Path /home/trainmaster2/Documents/midi-genie/midi-genie/software/midi_genie_hw/hw/design_1_wrapper.xsa
TRACE::2024-01-18.13:59:54::SCWPlatform:: Unique name xilinx:cmod_a7-35t::0.0
TRACE::2024-01-18.13:59:54::SCWPlatform::Trying to set the existing hwdb with name design_1_wrapper_0
TRACE::2024-01-18.13:59:54::SCWPlatform::Opened existing hwdb design_1_wrapper_0
TRACE::2024-01-18.13:59:54::SCWPlatform::Found the Hw Db part of the input DSA
TRACE::2024-01-18.13:59:54::SCWPlatform::Trying to open the hw design at /home/trainmaster2/Documents/midi-genie/midi-genie/software/midi_genie_hw/hw/design_1_wrapper.xsa
TRACE::2024-01-18.13:59:54::SCWPlatform::DSA given /home/trainmaster2/Documents/midi-genie/midi-genie/software/midi_genie_hw/hw/design_1_wrapper.xsa
TRACE::2024-01-18.13:59:54::SCWPlatform::DSA absoulate path /home/trainmaster2/Documents/midi-genie/midi-genie/software/midi_genie_hw/hw/design_1_wrapper.xsa
TRACE::2024-01-18.13:59:54::SCWPlatform::DSA directory /home/trainmaster2/Documents/midi-genie/midi-genie/software/midi_genie_hw/hw
TRACE::2024-01-18.13:59:54::SCWPlatform:: Platform Path /home/trainmaster2/Documents/midi-genie/midi-genie/software/midi_genie_hw/hw/design_1_wrapper.xsa
TRACE::2024-01-18.13:59:54::SCWPlatform:: Unique name xilinx:cmod_a7-35t::0.0
TRACE::2024-01-18.13:59:54::SCWPlatform::Trying to set the existing hwdb with name design_1_wrapper_0
TRACE::2024-01-18.13:59:54::SCWPlatform::Opened existing hwdb design_1_wrapper_0
TRACE::2024-01-18.13:59:54::SCWPlatform::Found the Hw Db part of the input DSA
TRACE::2024-01-18.13:59:54::SCWMssOS::Checking the sw design at  /home/trainmaster2/Documents/midi-genie/midi-genie/software/midi_genie_hw/microblaze_0/standalone_microblaze_0/bsp/system.mss
TRACE::2024-01-18.13:59:54::SCWMssOS::DEBUG:  swdes dump  
TRACE::2024-01-18.13:59:54::SCWMssOS::No sw design opened at  /home/trainmaster2/Documents/midi-genie/midi-genie/software/midi_genie_hw/microblaze_0/standalone_microblaze_0/bsp/system.mss
TRACE::2024-01-18.13:59:54::SCWMssOS::mss does not exists at /home/trainmaster2/Documents/midi-genie/midi-genie/software/midi_genie_hw/microblaze_0/standalone_microblaze_0/bsp/system.mss
TRACE::2024-01-18.13:59:54::SCWMssOS::Creating sw design at  /home/trainmaster2/Documents/midi-genie/midi-genie/software/midi_genie_hw/microblaze_0/standalone_microblaze_0/bsp/system.mss
TRACE::2024-01-18.13:59:54::SCWMssOS::Adding the swdes entry, created swdb /home/trainmaster2/Documents/midi-genie/midi-genie/software/midi_genie_hw/microblaze_0/standalone_microblaze_0/bsp/system.mss with des name /home/trainmaster2/Documents/midi-genie/midi-genie/software/midi_genie_hw/microblaze_0/standalone_microblaze_0/bsp/system.mss
TRACE::2024-01-18.13:59:54::SCWMssOS::updating the scw layer changes to swdes at   /home/trainmaster2/Documents/midi-genie/midi-genie/software/midi_genie_hw/microblaze_0/standalone_microblaze_0/bsp/system.mss
TRACE::2024-01-18.13:59:54::SCWMssOS::Writing mss at /home/trainmaster2/Documents/midi-genie/midi-genie/software/midi_genie_hw/microblaze_0/standalone_microblaze_0/bsp/system.mss
TRACE::2024-01-18.13:59:54::SCWMssOS::Completed writing the mss file at /home/trainmaster2/Documents/midi-genie/midi-genie/software/midi_genie_hw/microblaze_0/standalone_microblaze_0/bsp
TRACE::2024-01-18.13:59:54::SCWMssOS::Picking up changes from newly written mss file into SCW Layer. 
TRACE::2024-01-18.13:59:54::SCWMssOS::Updated the changes from newly written mss file into SCW Layer. 
TRACE::2024-01-18.13:59:54::SCWMssOS::Completed writing the mss file at /home/trainmaster2/Documents/midi-genie/midi-genie/software/midi_genie_hw/microblaze_0/standalone_microblaze_0/bsp
TRACE::2024-01-18.13:59:54::SCWMssOS::Forcing BSP Sources regeneration.
TRACE::2024-01-18.13:59:55::SCWMssOS::Saving the mss changes /home/trainmaster2/Documents/midi-genie/midi-genie/software/midi_genie_hw/microblaze_0/standalone_microblaze_0/bsp/system.mss
TRACE::2024-01-18.13:59:55::SCWMssOS::Adding the swdes entry, mss present, able to open swdb /home/trainmaster2/Documents/midi-genie/midi-genie/software/midi_genie_hw/microblaze_0/standalone_microblaze_0/bsp/system.mss with des name system
TRACE::2024-01-18.13:59:55::SCWMssOS::Writing the mss file completed /home/trainmaster2/Documents/midi-genie/midi-genie/software/midi_genie_hw/microblaze_0/standalone_microblaze_0/bsp/system.mss
TRACE::2024-01-18.13:59:55::SCWMssOS::Commit changes completed.
TRACE::2024-01-18.13:59:55::SCWPlatform::Trying to open the hw design at /home/trainmaster2/Documents/midi-genie/midi-genie/software/midi_genie_hw/hw/design_1_wrapper.xsa
TRACE::2024-01-18.13:59:55::SCWPlatform::DSA given /home/trainmaster2/Documents/midi-genie/midi-genie/software/midi_genie_hw/hw/design_1_wrapper.xsa
TRACE::2024-01-18.13:59:55::SCWPlatform::DSA absoulate path /home/trainmaster2/Documents/midi-genie/midi-genie/software/midi_genie_hw/hw/design_1_wrapper.xsa
TRACE::2024-01-18.13:59:55::SCWPlatform::DSA directory /home/trainmaster2/Documents/midi-genie/midi-genie/software/midi_genie_hw/hw
TRACE::2024-01-18.13:59:55::SCWPlatform:: Platform Path /home/trainmaster2/Documents/midi-genie/midi-genie/software/midi_genie_hw/hw/design_1_wrapper.xsa
TRACE::2024-01-18.13:59:55::SCWPlatform:: Unique name xilinx:cmod_a7-35t::0.0
TRACE::2024-01-18.13:59:55::SCWPlatform::Trying to set the existing hwdb with name design_1_wrapper_0
TRACE::2024-01-18.13:59:55::SCWPlatform::Opened existing hwdb design_1_wrapper_0
TRACE::2024-01-18.13:59:55::SCWPlatform::Found the Hw Db part of the input DSA
TRACE::2024-01-18.13:59:55::SCWMssOS::Checking the sw design at  /home/trainmaster2/Documents/midi-genie/midi-genie/software/midi_genie_hw/microblaze_0/standalone_microblaze_0/bsp/system.mss
TRACE::2024-01-18.13:59:55::SCWMssOS::DEBUG:  swdes dump  /home/trainmaster2/Documents/midi-genie/midi-genie/software/midi_genie_hw/microblaze_0/standalone_microblaze_0/bsp/system.mss|system||

TRACE::2024-01-18.13:59:55::SCWMssOS::Sw design exists and opened at  /home/trainmaster2/Documents/midi-genie/midi-genie/software/midi_genie_hw/microblaze_0/standalone_microblaze_0/bsp/system.mss
TRACE::2024-01-18.13:59:55::SCWPlatform::Trying to open the hw design at /home/trainmaster2/Documents/midi-genie/midi-genie/software/midi_genie_hw/hw/design_1_wrapper.xsa
TRACE::2024-01-18.13:59:55::SCWPlatform::DSA given /home/trainmaster2/Documents/midi-genie/midi-genie/software/midi_genie_hw/hw/design_1_wrapper.xsa
TRACE::2024-01-18.13:59:55::SCWPlatform::DSA absoulate path /home/trainmaster2/Documents/midi-genie/midi-genie/software/midi_genie_hw/hw/design_1_wrapper.xsa
TRACE::2024-01-18.13:59:55::SCWPlatform::DSA directory /home/trainmaster2/Documents/midi-genie/midi-genie/software/midi_genie_hw/hw
TRACE::2024-01-18.13:59:55::SCWPlatform:: Platform Path /home/trainmaster2/Documents/midi-genie/midi-genie/software/midi_genie_hw/hw/design_1_wrapper.xsa
TRACE::2024-01-18.13:59:55::SCWPlatform:: Unique name xilinx:cmod_a7-35t::0.0
TRACE::2024-01-18.13:59:55::SCWPlatform::Trying to set the existing hwdb with name design_1_wrapper_0
TRACE::2024-01-18.13:59:55::SCWPlatform::Opened existing hwdb design_1_wrapper_0
TRACE::2024-01-18.13:59:55::SCWPlatform::Found the Hw Db part of the input DSA
TRACE::2024-01-18.13:59:55::SCWMssOS::Checking the sw design at  /home/trainmaster2/Documents/midi-genie/midi-genie/software/midi_genie_hw/microblaze_0/standalone_microblaze_0/bsp/system.mss
TRACE::2024-01-18.13:59:55::SCWMssOS::DEBUG:  swdes dump  /home/trainmaster2/Documents/midi-genie/midi-genie/software/midi_genie_hw/microblaze_0/standalone_microblaze_0/bsp/system.mss|system||

TRACE::2024-01-18.13:59:55::SCWMssOS::Sw design exists and opened at  /home/trainmaster2/Documents/midi-genie/midi-genie/software/midi_genie_hw/microblaze_0/standalone_microblaze_0/bsp/system.mss
TRACE::2024-01-18.13:59:55::SCWPlatform::Trying to open the hw design at /home/trainmaster2/Documents/midi-genie/midi-genie/software/midi_genie_hw/hw/design_1_wrapper.xsa
TRACE::2024-01-18.13:59:55::SCWPlatform::DSA given /home/trainmaster2/Documents/midi-genie/midi-genie/software/midi_genie_hw/hw/design_1_wrapper.xsa
TRACE::2024-01-18.13:59:55::SCWPlatform::DSA absoulate path /home/trainmaster2/Documents/midi-genie/midi-genie/software/midi_genie_hw/hw/design_1_wrapper.xsa
TRACE::2024-01-18.13:59:55::SCWPlatform::DSA directory /home/trainmaster2/Documents/midi-genie/midi-genie/software/midi_genie_hw/hw
TRACE::2024-01-18.13:59:55::SCWPlatform:: Platform Path /home/trainmaster2/Documents/midi-genie/midi-genie/software/midi_genie_hw/hw/design_1_wrapper.xsa
TRACE::2024-01-18.13:59:55::SCWPlatform:: Unique name xilinx:cmod_a7-35t::0.0
TRACE::2024-01-18.13:59:55::SCWPlatform::Trying to set the existing hwdb with name design_1_wrapper_0
TRACE::2024-01-18.13:59:55::SCWPlatform::Opened existing hwdb design_1_wrapper_0
TRACE::2024-01-18.13:59:55::SCWPlatform::Found the Hw Db part of the input DSA
TRACE::2024-01-18.13:59:55::SCWMssOS::Checking the sw design at  /home/trainmaster2/Documents/midi-genie/midi-genie/software/midi_genie_hw/microblaze_0/standalone_microblaze_0/bsp/system.mss
TRACE::2024-01-18.13:59:55::SCWMssOS::DEBUG:  swdes dump  /home/trainmaster2/Documents/midi-genie/midi-genie/software/midi_genie_hw/microblaze_0/standalone_microblaze_0/bsp/system.mss|system||

TRACE::2024-01-18.13:59:55::SCWMssOS::Sw design exists and opened at  /home/trainmaster2/Documents/midi-genie/midi-genie/software/midi_genie_hw/microblaze_0/standalone_microblaze_0/bsp/system.mss
TRACE::2024-01-18.13:59:55::SCWWriter::formatted JSON is {
	"platformName":	"midi_genie_hw",
	"sprVersion":	"2.0",
	"mode":	"gui",
	"dsaType":	"Fixed",
	"platformDesc":	"midi_genie_hw",
	"platHandOff":	"/home/trainmaster2/Documents/midi-genie/midi-genie/design_1_wrapper.xsa",
	"platIntHandOff":	"<platformDir>/hw/design_1_wrapper.xsa",
	"deviceType":	"FPGA",
	"platIsPrebuiltAutogen":	"false",
	"platIsNoBootBsp":	"false",
	"hasFsblMakeHasChanges":	"false",
	"hasPmufwMakeHasChanges":	"false",
	"platPreBuiltFlag":	false,
	"platformSamplesDir":	"",
	"platActiveSys":	"midi_genie_hw",
	"systems":	[{
			"systemName":	"midi_genie_hw",
			"systemDesc":	"midi_genie_hw",
			"sysIsBootAutoGen":	"true",
			"systemDispName":	"midi_genie_hw",
			"sysActiveDom":	"standalone_microblaze_0",
			"sysDefaultDom":	"standalone_microblaze_0",
			"domains":	[{
					"domainName":	"standalone_microblaze_0",
					"domainDispName":	"standalone_microblaze_0",
					"domainDesc":	"standalone_microblaze_0",
					"processors":	"microblaze_0",
					"os":	"standalone",
					"sdxOs":	"standalone",
					"debugEnable":	"False",
					"domRuntimes":	["cpp"],
					"swRepo":	"",
					"mssOsVer":	"8.0",
					"mssFile":	"",
					"md5Digest":	"0d748a3c61cb4deeb9aeb2f07863e819",
					"compatibleApp":	"empty_application",
					"domType":	"mssDomain",
					"arch":	"32-bit",
					"appSettings":	{
						"appCompilerFlags":	"",
						"appLinkerFlags":	""
					},
					"addedLibs":	[],
					"libOptions":	{
						"libsContainingOptions":	[]
					},
					"prebuiltLibs":	{
						"prebuiltIncPath":	[],
						"prebuiltLibPath":	[]
					},
					"isolation":	{
					}
				}]
		}]
}
LOG::2024-01-18.13:59:55::SCWPlatform::Started generating the artifacts platform midi_genie_hw
TRACE::2024-01-18.13:59:55::SCWPlatform::Sanity checking of platform is completed
LOG::2024-01-18.13:59:55::SCWPlatform::Started generating the artifacts for system configuration midi_genie_hw
LOG::2024-01-18.13:59:55::SCWSystem::Checking the domain standalone_microblaze_0
LOG::2024-01-18.13:59:55::SCWSystem::Not a boot domain 
LOG::2024-01-18.13:59:55::SCWSystem::Started Processing the domain standalone_microblaze_0
TRACE::2024-01-18.13:59:55::SCWDomain::Generating domain artifcats
TRACE::2024-01-18.13:59:55::SCWMssOS::Generating standalone artifcats
TRACE::2024-01-18.13:59:55::SCWMssOS:: Copying the user libraries. 
TRACE::2024-01-18.13:59:55::SCWPlatform::Trying to open the hw design at /home/trainmaster2/Documents/midi-genie/midi-genie/software/midi_genie_hw/hw/design_1_wrapper.xsa
TRACE::2024-01-18.13:59:55::SCWPlatform::DSA given /home/trainmaster2/Documents/midi-genie/midi-genie/software/midi_genie_hw/hw/design_1_wrapper.xsa
TRACE::2024-01-18.13:59:55::SCWPlatform::DSA absoulate path /home/trainmaster2/Documents/midi-genie/midi-genie/software/midi_genie_hw/hw/design_1_wrapper.xsa
TRACE::2024-01-18.13:59:55::SCWPlatform::DSA directory /home/trainmaster2/Documents/midi-genie/midi-genie/software/midi_genie_hw/hw
TRACE::2024-01-18.13:59:55::SCWPlatform:: Platform Path /home/trainmaster2/Documents/midi-genie/midi-genie/software/midi_genie_hw/hw/design_1_wrapper.xsa
TRACE::2024-01-18.13:59:55::SCWPlatform:: Unique name xilinx:cmod_a7-35t::0.0
TRACE::2024-01-18.13:59:55::SCWPlatform::Trying to set the existing hwdb with name design_1_wrapper_0
TRACE::2024-01-18.13:59:55::SCWPlatform::Opened existing hwdb design_1_wrapper_0
TRACE::2024-01-18.13:59:55::SCWPlatform::Found the Hw Db part of the input DSA
TRACE::2024-01-18.13:59:55::SCWMssOS::Checking the sw design at  /home/trainmaster2/Documents/midi-genie/midi-genie/software/midi_genie_hw/microblaze_0/standalone_microblaze_0/bsp/system.mss
TRACE::2024-01-18.13:59:55::SCWMssOS::DEBUG:  swdes dump  /home/trainmaster2/Documents/midi-genie/midi-genie/software/midi_genie_hw/microblaze_0/standalone_microblaze_0/bsp/system.mss|system||

TRACE::2024-01-18.13:59:55::SCWMssOS::Sw design exists and opened at  /home/trainmaster2/Documents/midi-genie/midi-genie/software/midi_genie_hw/microblaze_0/standalone_microblaze_0/bsp/system.mss
TRACE::2024-01-18.13:59:55::SCWMssOS::Completed writing the mss file at /home/trainmaster2/Documents/midi-genie/midi-genie/software/midi_genie_hw/microblaze_0/standalone_microblaze_0/bsp
TRACE::2024-01-18.13:59:55::SCWMssOS::Mss edits present, copying mssfile into export location /home/trainmaster2/Documents/midi-genie/midi-genie/software/midi_genie_hw/microblaze_0/standalone_microblaze_0/bsp/system.mss
TRACE::2024-01-18.13:59:55::SCWMssOS::bsp generated is upto date with the mss file. Skipping bsp generation.
TRACE::2024-01-18.13:59:55::SCWMssOS::BSP is already built. skipping the bsp build ... 
TRACE::2024-01-18.13:59:55::SCWDomain::Skipping the build for domain :  standalone_microblaze_0
TRACE::2024-01-18.13:59:55::SCWMssOS::skipping the bsp build ... 
TRACE::2024-01-18.13:59:55::SCWMssOS::Copying to export directory.
TRACE::2024-01-18.13:59:55::SCWMssOS:: Checking if to create the Supporting Applications
TRACE::2024-01-18.13:59:55::SCWMssOS:: No Linux domain exists, trying to generate FSBL 
LOG::2024-01-18.13:59:55::SCWSystem::Completed Processing the domain standalone_microblaze_0
LOG::2024-01-18.13:59:55::SCWSystem::Completed Processing the sysconfig midi_genie_hw
LOG::2024-01-18.13:59:55::SCWPlatform::Completed generating the artifacts for system configuration midi_genie_hw
TRACE::2024-01-18.13:59:55::SCWPlatform::Started preparing the platform 
TRACE::2024-01-18.13:59:55::SCWSystem::Writing the bif file for system config midi_genie_hw
TRACE::2024-01-18.13:59:55::SCWSystem::dir created 
TRACE::2024-01-18.13:59:55::SCWSystem::Writing the bif 
TRACE::2024-01-18.13:59:55::SCWPlatform::Started writing the spfm file 
TRACE::2024-01-18.13:59:55::SCWPlatform::Started writing the xpfm file 
TRACE::2024-01-18.13:59:55::SCWPlatform::Completed generating the platform
TRACE::2024-01-18.13:59:55::SCWMssOS::Saving the mss changes /home/trainmaster2/Documents/midi-genie/midi-genie/software/midi_genie_hw/microblaze_0/standalone_microblaze_0/bsp/system.mss
TRACE::2024-01-18.13:59:55::SCWMssOS::Found a swdesign opened with the mssfile.
TRACE::2024-01-18.13:59:55::SCWMssOS::Completed writemss as part of save.
TRACE::2024-01-18.13:59:55::SCWMssOS::Commit changes completed.
TRACE::2024-01-18.13:59:55::SCWPlatform::Trying to open the hw design at /home/trainmaster2/Documents/midi-genie/midi-genie/software/midi_genie_hw/hw/design_1_wrapper.xsa
TRACE::2024-01-18.13:59:55::SCWPlatform::DSA given /home/trainmaster2/Documents/midi-genie/midi-genie/software/midi_genie_hw/hw/design_1_wrapper.xsa
TRACE::2024-01-18.13:59:55::SCWPlatform::DSA absoulate path /home/trainmaster2/Documents/midi-genie/midi-genie/software/midi_genie_hw/hw/design_1_wrapper.xsa
TRACE::2024-01-18.13:59:55::SCWPlatform::DSA directory /home/trainmaster2/Documents/midi-genie/midi-genie/software/midi_genie_hw/hw
TRACE::2024-01-18.13:59:55::SCWPlatform:: Platform Path /home/trainmaster2/Documents/midi-genie/midi-genie/software/midi_genie_hw/hw/design_1_wrapper.xsa
TRACE::2024-01-18.13:59:55::SCWPlatform:: Unique name xilinx:cmod_a7-35t::0.0
TRACE::2024-01-18.13:59:55::SCWPlatform::Trying to set the existing hwdb with name design_1_wrapper_0
TRACE::2024-01-18.13:59:55::SCWPlatform::Opened existing hwdb design_1_wrapper_0
TRACE::2024-01-18.13:59:55::SCWPlatform::Found the Hw Db part of the input DSA
TRACE::2024-01-18.13:59:55::SCWMssOS::Checking the sw design at  /home/trainmaster2/Documents/midi-genie/midi-genie/software/midi_genie_hw/microblaze_0/standalone_microblaze_0/bsp/system.mss
TRACE::2024-01-18.13:59:55::SCWMssOS::DEBUG:  swdes dump  /home/trainmaster2/Documents/midi-genie/midi-genie/software/midi_genie_hw/microblaze_0/standalone_microblaze_0/bsp/system.mss|system||

TRACE::2024-01-18.13:59:55::SCWMssOS::Sw design exists and opened at  /home/trainmaster2/Documents/midi-genie/midi-genie/software/midi_genie_hw/microblaze_0/standalone_microblaze_0/bsp/system.mss
TRACE::2024-01-18.13:59:55::SCWPlatform::Trying to open the hw design at /home/trainmaster2/Documents/midi-genie/midi-genie/software/midi_genie_hw/hw/design_1_wrapper.xsa
TRACE::2024-01-18.13:59:55::SCWPlatform::DSA given /home/trainmaster2/Documents/midi-genie/midi-genie/software/midi_genie_hw/hw/design_1_wrapper.xsa
TRACE::2024-01-18.13:59:55::SCWPlatform::DSA absoulate path /home/trainmaster2/Documents/midi-genie/midi-genie/software/midi_genie_hw/hw/design_1_wrapper.xsa
TRACE::2024-01-18.13:59:55::SCWPlatform::DSA directory /home/trainmaster2/Documents/midi-genie/midi-genie/software/midi_genie_hw/hw
TRACE::2024-01-18.13:59:55::SCWPlatform:: Platform Path /home/trainmaster2/Documents/midi-genie/midi-genie/software/midi_genie_hw/hw/design_1_wrapper.xsa
TRACE::2024-01-18.13:59:55::SCWPlatform:: Unique name xilinx:cmod_a7-35t::0.0
TRACE::2024-01-18.13:59:55::SCWPlatform::Trying to set the existing hwdb with name design_1_wrapper_0
TRACE::2024-01-18.13:59:55::SCWPlatform::Opened existing hwdb design_1_wrapper_0
TRACE::2024-01-18.13:59:55::SCWPlatform::Found the Hw Db part of the input DSA
TRACE::2024-01-18.13:59:55::SCWMssOS::Checking the sw design at  /home/trainmaster2/Documents/midi-genie/midi-genie/software/midi_genie_hw/microblaze_0/standalone_microblaze_0/bsp/system.mss
TRACE::2024-01-18.13:59:55::SCWMssOS::DEBUG:  swdes dump  /home/trainmaster2/Documents/midi-genie/midi-genie/software/midi_genie_hw/microblaze_0/standalone_microblaze_0/bsp/system.mss|system||

TRACE::2024-01-18.13:59:55::SCWMssOS::Sw design exists and opened at  /home/trainmaster2/Documents/midi-genie/midi-genie/software/midi_genie_hw/microblaze_0/standalone_microblaze_0/bsp/system.mss
TRACE::2024-01-18.13:59:55::SCWPlatform::Trying to open the hw design at /home/trainmaster2/Documents/midi-genie/midi-genie/software/midi_genie_hw/hw/design_1_wrapper.xsa
TRACE::2024-01-18.13:59:55::SCWPlatform::DSA given /home/trainmaster2/Documents/midi-genie/midi-genie/software/midi_genie_hw/hw/design_1_wrapper.xsa
TRACE::2024-01-18.13:59:55::SCWPlatform::DSA absoulate path /home/trainmaster2/Documents/midi-genie/midi-genie/software/midi_genie_hw/hw/design_1_wrapper.xsa
TRACE::2024-01-18.13:59:55::SCWPlatform::DSA directory /home/trainmaster2/Documents/midi-genie/midi-genie/software/midi_genie_hw/hw
TRACE::2024-01-18.13:59:55::SCWPlatform:: Platform Path /home/trainmaster2/Documents/midi-genie/midi-genie/software/midi_genie_hw/hw/design_1_wrapper.xsa
TRACE::2024-01-18.13:59:55::SCWPlatform:: Unique name xilinx:cmod_a7-35t::0.0
TRACE::2024-01-18.13:59:55::SCWPlatform::Trying to set the existing hwdb with name design_1_wrapper_0
TRACE::2024-01-18.13:59:55::SCWPlatform::Opened existing hwdb design_1_wrapper_0
TRACE::2024-01-18.13:59:55::SCWPlatform::Found the Hw Db part of the input DSA
TRACE::2024-01-18.13:59:55::SCWMssOS::Checking the sw design at  /home/trainmaster2/Documents/midi-genie/midi-genie/software/midi_genie_hw/microblaze_0/standalone_microblaze_0/bsp/system.mss
TRACE::2024-01-18.13:59:55::SCWMssOS::DEBUG:  swdes dump  /home/trainmaster2/Documents/midi-genie/midi-genie/software/midi_genie_hw/microblaze_0/standalone_microblaze_0/bsp/system.mss|system||

TRACE::2024-01-18.13:59:55::SCWMssOS::Sw design exists and opened at  /home/trainmaster2/Documents/midi-genie/midi-genie/software/midi_genie_hw/microblaze_0/standalone_microblaze_0/bsp/system.mss
TRACE::2024-01-18.13:59:55::SCWWriter::formatted JSON is {
	"platformName":	"midi_genie_hw",
	"sprVersion":	"2.0",
	"mode":	"gui",
	"dsaType":	"Fixed",
	"platformDesc":	"midi_genie_hw",
	"platHandOff":	"/home/trainmaster2/Documents/midi-genie/midi-genie/design_1_wrapper.xsa",
	"platIntHandOff":	"<platformDir>/hw/design_1_wrapper.xsa",
	"deviceType":	"FPGA",
	"platIsPrebuiltAutogen":	"false",
	"platIsNoBootBsp":	"false",
	"hasFsblMakeHasChanges":	"false",
	"hasPmufwMakeHasChanges":	"false",
	"platPreBuiltFlag":	false,
	"platformSamplesDir":	"",
	"platActiveSys":	"midi_genie_hw",
	"systems":	[{
			"systemName":	"midi_genie_hw",
			"systemDesc":	"midi_genie_hw",
			"sysIsBootAutoGen":	"true",
			"systemDispName":	"midi_genie_hw",
			"sysActiveDom":	"standalone_microblaze_0",
			"sysDefaultDom":	"standalone_microblaze_0",
			"domains":	[{
					"domainName":	"standalone_microblaze_0",
					"domainDispName":	"standalone_microblaze_0",
					"domainDesc":	"standalone_microblaze_0",
					"processors":	"microblaze_0",
					"os":	"standalone",
					"sdxOs":	"standalone",
					"debugEnable":	"False",
					"domRuntimes":	["cpp"],
					"swRepo":	"",
					"mssOsVer":	"8.0",
					"mssFile":	"",
					"md5Digest":	"0d748a3c61cb4deeb9aeb2f07863e819",
					"compatibleApp":	"empty_application",
					"domType":	"mssDomain",
					"arch":	"32-bit",
					"appSettings":	{
						"appCompilerFlags":	"",
						"appLinkerFlags":	""
					},
					"addedLibs":	[],
					"libOptions":	{
						"libsContainingOptions":	[]
					},
					"prebuiltLibs":	{
						"prebuiltIncPath":	[],
						"prebuiltLibPath":	[]
					},
					"isolation":	{
					}
				}]
		}]
}
KEYINFO::2024-01-18.13:59:55::SCWPlatform::updated the xpfm file.
TRACE::2024-01-18.13:59:55::SCWPlatform::Trying to open the hw design at /home/trainmaster2/Documents/midi-genie/midi-genie/software/midi_genie_hw/hw/design_1_wrapper.xsa
TRACE::2024-01-18.13:59:55::SCWPlatform::DSA given /home/trainmaster2/Documents/midi-genie/midi-genie/software/midi_genie_hw/hw/design_1_wrapper.xsa
TRACE::2024-01-18.13:59:55::SCWPlatform::DSA absoulate path /home/trainmaster2/Documents/midi-genie/midi-genie/software/midi_genie_hw/hw/design_1_wrapper.xsa
TRACE::2024-01-18.13:59:55::SCWPlatform::DSA directory /home/trainmaster2/Documents/midi-genie/midi-genie/software/midi_genie_hw/hw
TRACE::2024-01-18.13:59:55::SCWPlatform:: Platform Path /home/trainmaster2/Documents/midi-genie/midi-genie/software/midi_genie_hw/hw/design_1_wrapper.xsa
TRACE::2024-01-18.13:59:55::SCWPlatform:: Unique name xilinx:cmod_a7-35t::0.0
TRACE::2024-01-18.13:59:55::SCWPlatform::Trying to set the existing hwdb with name design_1_wrapper_0
TRACE::2024-01-18.13:59:55::SCWPlatform::Opened existing hwdb design_1_wrapper_0
TRACE::2024-01-18.13:59:55::SCWPlatform::Found the Hw Db part of the input DSA
TRACE::2024-01-18.13:59:55::SCWMssOS::Checking the sw design at  /home/trainmaster2/Documents/midi-genie/midi-genie/software/midi_genie_hw/microblaze_0/standalone_microblaze_0/bsp/system.mss
TRACE::2024-01-18.13:59:55::SCWMssOS::DEBUG:  swdes dump  /home/trainmaster2/Documents/midi-genie/midi-genie/software/midi_genie_hw/microblaze_0/standalone_microblaze_0/bsp/system.mss|system||

TRACE::2024-01-18.13:59:55::SCWMssOS::Sw design exists and opened at  /home/trainmaster2/Documents/midi-genie/midi-genie/software/midi_genie_hw/microblaze_0/standalone_microblaze_0/bsp/system.mss
TRACE::2024-01-18.13:59:55::SCWMssOS::Saving the mss changes /home/trainmaster2/Documents/midi-genie/midi-genie/software/midi_genie_hw/microblaze_0/standalone_microblaze_0/bsp/system.mss
TRACE::2024-01-18.13:59:55::SCWMssOS::Found a swdesign opened with the mssfile.
TRACE::2024-01-18.13:59:55::SCWMssOS::Completed writemss as part of save.
TRACE::2024-01-18.13:59:55::SCWMssOS::Commit changes completed.
TRACE::2024-01-18.13:59:55::SCWPlatform::Trying to open the hw design at /home/trainmaster2/Documents/midi-genie/midi-genie/software/midi_genie_hw/hw/design_1_wrapper.xsa
TRACE::2024-01-18.13:59:55::SCWPlatform::DSA given /home/trainmaster2/Documents/midi-genie/midi-genie/software/midi_genie_hw/hw/design_1_wrapper.xsa
TRACE::2024-01-18.13:59:55::SCWPlatform::DSA absoulate path /home/trainmaster2/Documents/midi-genie/midi-genie/software/midi_genie_hw/hw/design_1_wrapper.xsa
TRACE::2024-01-18.13:59:55::SCWPlatform::DSA directory /home/trainmaster2/Documents/midi-genie/midi-genie/software/midi_genie_hw/hw
TRACE::2024-01-18.13:59:55::SCWPlatform:: Platform Path /home/trainmaster2/Documents/midi-genie/midi-genie/software/midi_genie_hw/hw/design_1_wrapper.xsa
TRACE::2024-01-18.13:59:55::SCWPlatform:: Unique name xilinx:cmod_a7-35t::0.0
TRACE::2024-01-18.13:59:55::SCWPlatform::Trying to set the existing hwdb with name design_1_wrapper_0
TRACE::2024-01-18.13:59:55::SCWPlatform::Opened existing hwdb design_1_wrapper_0
TRACE::2024-01-18.13:59:55::SCWPlatform::Found the Hw Db part of the input DSA
TRACE::2024-01-18.13:59:55::SCWMssOS::Checking the sw design at  /home/trainmaster2/Documents/midi-genie/midi-genie/software/midi_genie_hw/microblaze_0/standalone_microblaze_0/bsp/system.mss
TRACE::2024-01-18.13:59:55::SCWMssOS::DEBUG:  swdes dump  /home/trainmaster2/Documents/midi-genie/midi-genie/software/midi_genie_hw/microblaze_0/standalone_microblaze_0/bsp/system.mss|system||

TRACE::2024-01-18.13:59:55::SCWMssOS::Sw design exists and opened at  /home/trainmaster2/Documents/midi-genie/midi-genie/software/midi_genie_hw/microblaze_0/standalone_microblaze_0/bsp/system.mss
TRACE::2024-01-18.13:59:55::SCWPlatform::Trying to open the hw design at /home/trainmaster2/Documents/midi-genie/midi-genie/software/midi_genie_hw/hw/design_1_wrapper.xsa
TRACE::2024-01-18.13:59:55::SCWPlatform::DSA given /home/trainmaster2/Documents/midi-genie/midi-genie/software/midi_genie_hw/hw/design_1_wrapper.xsa
TRACE::2024-01-18.13:59:55::SCWPlatform::DSA absoulate path /home/trainmaster2/Documents/midi-genie/midi-genie/software/midi_genie_hw/hw/design_1_wrapper.xsa
TRACE::2024-01-18.13:59:55::SCWPlatform::DSA directory /home/trainmaster2/Documents/midi-genie/midi-genie/software/midi_genie_hw/hw
TRACE::2024-01-18.13:59:55::SCWPlatform:: Platform Path /home/trainmaster2/Documents/midi-genie/midi-genie/software/midi_genie_hw/hw/design_1_wrapper.xsa
TRACE::2024-01-18.13:59:55::SCWPlatform:: Unique name xilinx:cmod_a7-35t::0.0
TRACE::2024-01-18.13:59:55::SCWPlatform::Trying to set the existing hwdb with name design_1_wrapper_0
TRACE::2024-01-18.13:59:55::SCWPlatform::Opened existing hwdb design_1_wrapper_0
TRACE::2024-01-18.13:59:55::SCWPlatform::Found the Hw Db part of the input DSA
TRACE::2024-01-18.13:59:55::SCWMssOS::Checking the sw design at  /home/trainmaster2/Documents/midi-genie/midi-genie/software/midi_genie_hw/microblaze_0/standalone_microblaze_0/bsp/system.mss
TRACE::2024-01-18.13:59:55::SCWMssOS::DEBUG:  swdes dump  /home/trainmaster2/Documents/midi-genie/midi-genie/software/midi_genie_hw/microblaze_0/standalone_microblaze_0/bsp/system.mss|system||

TRACE::2024-01-18.13:59:55::SCWMssOS::Sw design exists and opened at  /home/trainmaster2/Documents/midi-genie/midi-genie/software/midi_genie_hw/microblaze_0/standalone_microblaze_0/bsp/system.mss
TRACE::2024-01-18.13:59:55::SCWPlatform::Trying to open the hw design at /home/trainmaster2/Documents/midi-genie/midi-genie/software/midi_genie_hw/hw/design_1_wrapper.xsa
TRACE::2024-01-18.13:59:55::SCWPlatform::DSA given /home/trainmaster2/Documents/midi-genie/midi-genie/software/midi_genie_hw/hw/design_1_wrapper.xsa
TRACE::2024-01-18.13:59:55::SCWPlatform::DSA absoulate path /home/trainmaster2/Documents/midi-genie/midi-genie/software/midi_genie_hw/hw/design_1_wrapper.xsa
TRACE::2024-01-18.13:59:55::SCWPlatform::DSA directory /home/trainmaster2/Documents/midi-genie/midi-genie/software/midi_genie_hw/hw
TRACE::2024-01-18.13:59:55::SCWPlatform:: Platform Path /home/trainmaster2/Documents/midi-genie/midi-genie/software/midi_genie_hw/hw/design_1_wrapper.xsa
TRACE::2024-01-18.13:59:55::SCWPlatform:: Unique name xilinx:cmod_a7-35t::0.0
TRACE::2024-01-18.13:59:55::SCWPlatform::Trying to set the existing hwdb with name design_1_wrapper_0
TRACE::2024-01-18.13:59:55::SCWPlatform::Opened existing hwdb design_1_wrapper_0
TRACE::2024-01-18.13:59:55::SCWPlatform::Found the Hw Db part of the input DSA
TRACE::2024-01-18.13:59:55::SCWMssOS::Checking the sw design at  /home/trainmaster2/Documents/midi-genie/midi-genie/software/midi_genie_hw/microblaze_0/standalone_microblaze_0/bsp/system.mss
TRACE::2024-01-18.13:59:55::SCWMssOS::DEBUG:  swdes dump  /home/trainmaster2/Documents/midi-genie/midi-genie/software/midi_genie_hw/microblaze_0/standalone_microblaze_0/bsp/system.mss|system||

TRACE::2024-01-18.13:59:55::SCWMssOS::Sw design exists and opened at  /home/trainmaster2/Documents/midi-genie/midi-genie/software/midi_genie_hw/microblaze_0/standalone_microblaze_0/bsp/system.mss
TRACE::2024-01-18.13:59:55::SCWWriter::formatted JSON is {
	"platformName":	"midi_genie_hw",
	"sprVersion":	"2.0",
	"mode":	"gui",
	"dsaType":	"Fixed",
	"platformDesc":	"midi_genie_hw",
	"platHandOff":	"/home/trainmaster2/Documents/midi-genie/midi-genie/design_1_wrapper.xsa",
	"platIntHandOff":	"<platformDir>/hw/design_1_wrapper.xsa",
	"deviceType":	"FPGA",
	"platIsPrebuiltAutogen":	"false",
	"platIsNoBootBsp":	"false",
	"hasFsblMakeHasChanges":	"false",
	"hasPmufwMakeHasChanges":	"false",
	"platPreBuiltFlag":	false,
	"platformSamplesDir":	"",
	"platActiveSys":	"midi_genie_hw",
	"systems":	[{
			"systemName":	"midi_genie_hw",
			"systemDesc":	"midi_genie_hw",
			"sysIsBootAutoGen":	"true",
			"systemDispName":	"midi_genie_hw",
			"sysActiveDom":	"standalone_microblaze_0",
			"sysDefaultDom":	"standalone_microblaze_0",
			"domains":	[{
					"domainName":	"standalone_microblaze_0",
					"domainDispName":	"standalone_microblaze_0",
					"domainDesc":	"standalone_microblaze_0",
					"processors":	"microblaze_0",
					"os":	"standalone",
					"sdxOs":	"standalone",
					"debugEnable":	"False",
					"domRuntimes":	["cpp"],
					"swRepo":	"",
					"mssOsVer":	"8.0",
					"mssFile":	"",
					"md5Digest":	"0d748a3c61cb4deeb9aeb2f07863e819",
					"compatibleApp":	"empty_application",
					"domType":	"mssDomain",
					"arch":	"32-bit",
					"appSettings":	{
						"appCompilerFlags":	"",
						"appLinkerFlags":	""
					},
					"addedLibs":	[],
					"libOptions":	{
						"libsContainingOptions":	[]
					},
					"prebuiltLibs":	{
						"prebuiltIncPath":	[],
						"prebuiltLibPath":	[]
					},
					"isolation":	{
					}
				}]
		}]
}
TRACE::2024-01-18.13:59:55::SCWPlatform::Trying to open the hw design at /home/trainmaster2/Documents/midi-genie/midi-genie/software/midi_genie_hw/hw/design_1_wrapper.xsa
TRACE::2024-01-18.13:59:55::SCWPlatform::DSA given /home/trainmaster2/Documents/midi-genie/midi-genie/software/midi_genie_hw/hw/design_1_wrapper.xsa
TRACE::2024-01-18.13:59:55::SCWPlatform::DSA absoulate path /home/trainmaster2/Documents/midi-genie/midi-genie/software/midi_genie_hw/hw/design_1_wrapper.xsa
TRACE::2024-01-18.13:59:55::SCWPlatform::DSA directory /home/trainmaster2/Documents/midi-genie/midi-genie/software/midi_genie_hw/hw
TRACE::2024-01-18.13:59:55::SCWPlatform:: Platform Path /home/trainmaster2/Documents/midi-genie/midi-genie/software/midi_genie_hw/hw/design_1_wrapper.xsa
TRACE::2024-01-18.13:59:55::SCWPlatform:: Unique name xilinx:cmod_a7-35t::0.0
TRACE::2024-01-18.13:59:55::SCWPlatform::Trying to set the existing hwdb with name design_1_wrapper_0
TRACE::2024-01-18.13:59:55::SCWPlatform::Opened existing hwdb design_1_wrapper_0
TRACE::2024-01-18.13:59:55::SCWPlatform::Found the Hw Db part of the input DSA
TRACE::2024-01-18.13:59:55::SCWMssOS::Checking the sw design at  /home/trainmaster2/Documents/midi-genie/midi-genie/software/midi_genie_hw/microblaze_0/standalone_microblaze_0/bsp/system.mss
TRACE::2024-01-18.13:59:55::SCWMssOS::DEBUG:  swdes dump  /home/trainmaster2/Documents/midi-genie/midi-genie/software/midi_genie_hw/microblaze_0/standalone_microblaze_0/bsp/system.mss|system||

TRACE::2024-01-18.13:59:55::SCWMssOS::Sw design exists and opened at  /home/trainmaster2/Documents/midi-genie/midi-genie/software/midi_genie_hw/microblaze_0/standalone_microblaze_0/bsp/system.mss
TRACE::2024-01-18.13:59:55::SCWPlatform::Trying to open the hw design at /home/trainmaster2/Documents/midi-genie/midi-genie/software/midi_genie_hw/hw/design_1_wrapper.xsa
TRACE::2024-01-18.13:59:55::SCWPlatform::DSA given /home/trainmaster2/Documents/midi-genie/midi-genie/software/midi_genie_hw/hw/design_1_wrapper.xsa
TRACE::2024-01-18.13:59:55::SCWPlatform::DSA absoulate path /home/trainmaster2/Documents/midi-genie/midi-genie/software/midi_genie_hw/hw/design_1_wrapper.xsa
TRACE::2024-01-18.13:59:55::SCWPlatform::DSA directory /home/trainmaster2/Documents/midi-genie/midi-genie/software/midi_genie_hw/hw
TRACE::2024-01-18.13:59:55::SCWPlatform:: Platform Path /home/trainmaster2/Documents/midi-genie/midi-genie/software/midi_genie_hw/hw/design_1_wrapper.xsa
TRACE::2024-01-18.13:59:55::SCWPlatform:: Unique name xilinx:cmod_a7-35t::0.0
TRACE::2024-01-18.13:59:55::SCWPlatform::Trying to set the existing hwdb with name design_1_wrapper_0
TRACE::2024-01-18.13:59:55::SCWPlatform::Opened existing hwdb design_1_wrapper_0
TRACE::2024-01-18.13:59:55::SCWPlatform::Found the Hw Db part of the input DSA
TRACE::2024-01-18.13:59:55::SCWMssOS::Checking the sw design at  /home/trainmaster2/Documents/midi-genie/midi-genie/software/midi_genie_hw/microblaze_0/standalone_microblaze_0/bsp/system.mss
TRACE::2024-01-18.13:59:55::SCWMssOS::DEBUG:  swdes dump  /home/trainmaster2/Documents/midi-genie/midi-genie/software/midi_genie_hw/microblaze_0/standalone_microblaze_0/bsp/system.mss|system||

TRACE::2024-01-18.13:59:55::SCWMssOS::Sw design exists and opened at  /home/trainmaster2/Documents/midi-genie/midi-genie/software/midi_genie_hw/microblaze_0/standalone_microblaze_0/bsp/system.mss
TRACE::2024-01-18.13:59:55::SCWMssOS::Saving the mss changes /home/trainmaster2/Documents/midi-genie/midi-genie/software/midi_genie_hw/microblaze_0/standalone_microblaze_0/bsp/system.mss
TRACE::2024-01-18.13:59:55::SCWMssOS::Found a swdesign opened with the mssfile.
TRACE::2024-01-18.13:59:55::SCWMssOS::Completed writemss as part of save.
TRACE::2024-01-18.13:59:55::SCWMssOS::Commit changes completed.
TRACE::2024-01-18.13:59:55::SCWPlatform::Trying to open the hw design at /home/trainmaster2/Documents/midi-genie/midi-genie/software/midi_genie_hw/hw/design_1_wrapper.xsa
TRACE::2024-01-18.13:59:55::SCWPlatform::DSA given /home/trainmaster2/Documents/midi-genie/midi-genie/software/midi_genie_hw/hw/design_1_wrapper.xsa
TRACE::2024-01-18.13:59:55::SCWPlatform::DSA absoulate path /home/trainmaster2/Documents/midi-genie/midi-genie/software/midi_genie_hw/hw/design_1_wrapper.xsa
TRACE::2024-01-18.13:59:55::SCWPlatform::DSA directory /home/trainmaster2/Documents/midi-genie/midi-genie/software/midi_genie_hw/hw
TRACE::2024-01-18.13:59:55::SCWPlatform:: Platform Path /home/trainmaster2/Documents/midi-genie/midi-genie/software/midi_genie_hw/hw/design_1_wrapper.xsa
TRACE::2024-01-18.13:59:55::SCWPlatform:: Unique name xilinx:cmod_a7-35t::0.0
TRACE::2024-01-18.13:59:55::SCWPlatform::Trying to set the existing hwdb with name design_1_wrapper_0
TRACE::2024-01-18.13:59:55::SCWPlatform::Opened existing hwdb design_1_wrapper_0
TRACE::2024-01-18.13:59:55::SCWPlatform::Found the Hw Db part of the input DSA
TRACE::2024-01-18.13:59:55::SCWMssOS::Checking the sw design at  /home/trainmaster2/Documents/midi-genie/midi-genie/software/midi_genie_hw/microblaze_0/standalone_microblaze_0/bsp/system.mss
TRACE::2024-01-18.13:59:55::SCWMssOS::DEBUG:  swdes dump  /home/trainmaster2/Documents/midi-genie/midi-genie/software/midi_genie_hw/microblaze_0/standalone_microblaze_0/bsp/system.mss|system||

TRACE::2024-01-18.13:59:55::SCWMssOS::Sw design exists and opened at  /home/trainmaster2/Documents/midi-genie/midi-genie/software/midi_genie_hw/microblaze_0/standalone_microblaze_0/bsp/system.mss
TRACE::2024-01-18.13:59:55::SCWPlatform::Trying to open the hw design at /home/trainmaster2/Documents/midi-genie/midi-genie/software/midi_genie_hw/hw/design_1_wrapper.xsa
TRACE::2024-01-18.13:59:55::SCWPlatform::DSA given /home/trainmaster2/Documents/midi-genie/midi-genie/software/midi_genie_hw/hw/design_1_wrapper.xsa
TRACE::2024-01-18.13:59:55::SCWPlatform::DSA absoulate path /home/trainmaster2/Documents/midi-genie/midi-genie/software/midi_genie_hw/hw/design_1_wrapper.xsa
TRACE::2024-01-18.13:59:55::SCWPlatform::DSA directory /home/trainmaster2/Documents/midi-genie/midi-genie/software/midi_genie_hw/hw
TRACE::2024-01-18.13:59:55::SCWPlatform:: Platform Path /home/trainmaster2/Documents/midi-genie/midi-genie/software/midi_genie_hw/hw/design_1_wrapper.xsa
TRACE::2024-01-18.13:59:55::SCWPlatform:: Unique name xilinx:cmod_a7-35t::0.0
TRACE::2024-01-18.13:59:55::SCWPlatform::Trying to set the existing hwdb with name design_1_wrapper_0
TRACE::2024-01-18.13:59:55::SCWPlatform::Opened existing hwdb design_1_wrapper_0
TRACE::2024-01-18.13:59:55::SCWPlatform::Found the Hw Db part of the input DSA
TRACE::2024-01-18.13:59:55::SCWMssOS::Checking the sw design at  /home/trainmaster2/Documents/midi-genie/midi-genie/software/midi_genie_hw/microblaze_0/standalone_microblaze_0/bsp/system.mss
TRACE::2024-01-18.13:59:55::SCWMssOS::DEBUG:  swdes dump  /home/trainmaster2/Documents/midi-genie/midi-genie/software/midi_genie_hw/microblaze_0/standalone_microblaze_0/bsp/system.mss|system||

TRACE::2024-01-18.13:59:55::SCWMssOS::Sw design exists and opened at  /home/trainmaster2/Documents/midi-genie/midi-genie/software/midi_genie_hw/microblaze_0/standalone_microblaze_0/bsp/system.mss
TRACE::2024-01-18.13:59:55::SCWPlatform::Trying to open the hw design at /home/trainmaster2/Documents/midi-genie/midi-genie/software/midi_genie_hw/hw/design_1_wrapper.xsa
TRACE::2024-01-18.13:59:55::SCWPlatform::DSA given /home/trainmaster2/Documents/midi-genie/midi-genie/software/midi_genie_hw/hw/design_1_wrapper.xsa
TRACE::2024-01-18.13:59:55::SCWPlatform::DSA absoulate path /home/trainmaster2/Documents/midi-genie/midi-genie/software/midi_genie_hw/hw/design_1_wrapper.xsa
TRACE::2024-01-18.13:59:55::SCWPlatform::DSA directory /home/trainmaster2/Documents/midi-genie/midi-genie/software/midi_genie_hw/hw
TRACE::2024-01-18.13:59:55::SCWPlatform:: Platform Path /home/trainmaster2/Documents/midi-genie/midi-genie/software/midi_genie_hw/hw/design_1_wrapper.xsa
TRACE::2024-01-18.13:59:55::SCWPlatform:: Unique name xilinx:cmod_a7-35t::0.0
TRACE::2024-01-18.13:59:55::SCWPlatform::Trying to set the existing hwdb with name design_1_wrapper_0
TRACE::2024-01-18.13:59:55::SCWPlatform::Opened existing hwdb design_1_wrapper_0
TRACE::2024-01-18.13:59:55::SCWPlatform::Found the Hw Db part of the input DSA
TRACE::2024-01-18.13:59:55::SCWMssOS::Checking the sw design at  /home/trainmaster2/Documents/midi-genie/midi-genie/software/midi_genie_hw/microblaze_0/standalone_microblaze_0/bsp/system.mss
TRACE::2024-01-18.13:59:55::SCWMssOS::DEBUG:  swdes dump  /home/trainmaster2/Documents/midi-genie/midi-genie/software/midi_genie_hw/microblaze_0/standalone_microblaze_0/bsp/system.mss|system||

TRACE::2024-01-18.13:59:55::SCWMssOS::Sw design exists and opened at  /home/trainmaster2/Documents/midi-genie/midi-genie/software/midi_genie_hw/microblaze_0/standalone_microblaze_0/bsp/system.mss
TRACE::2024-01-18.13:59:55::SCWWriter::formatted JSON is {
	"platformName":	"midi_genie_hw",
	"sprVersion":	"2.0",
	"mode":	"gui",
	"dsaType":	"Fixed",
	"platformDesc":	"midi_genie_hw",
	"platHandOff":	"/home/trainmaster2/Documents/midi-genie/midi-genie/design_1_wrapper.xsa",
	"platIntHandOff":	"<platformDir>/hw/design_1_wrapper.xsa",
	"deviceType":	"FPGA",
	"platIsPrebuiltAutogen":	"false",
	"platIsNoBootBsp":	"false",
	"hasFsblMakeHasChanges":	"false",
	"hasPmufwMakeHasChanges":	"false",
	"platPreBuiltFlag":	false,
	"platformSamplesDir":	"",
	"platActiveSys":	"midi_genie_hw",
	"systems":	[{
			"systemName":	"midi_genie_hw",
			"systemDesc":	"midi_genie_hw",
			"sysIsBootAutoGen":	"true",
			"systemDispName":	"midi_genie_hw",
			"sysActiveDom":	"standalone_microblaze_0",
			"sysDefaultDom":	"standalone_microblaze_0",
			"domains":	[{
					"domainName":	"standalone_microblaze_0",
					"domainDispName":	"standalone_microblaze_0",
					"domainDesc":	"standalone_microblaze_0",
					"processors":	"microblaze_0",
					"os":	"standalone",
					"sdxOs":	"standalone",
					"debugEnable":	"False",
					"domRuntimes":	["cpp"],
					"swRepo":	"",
					"mssOsVer":	"8.0",
					"mssFile":	"",
					"md5Digest":	"0d748a3c61cb4deeb9aeb2f07863e819",
					"compatibleApp":	"empty_application",
					"domType":	"mssDomain",
					"arch":	"32-bit",
					"appSettings":	{
						"appCompilerFlags":	"",
						"appLinkerFlags":	""
					},
					"addedLibs":	[],
					"libOptions":	{
						"libsContainingOptions":	[]
					},
					"prebuiltLibs":	{
						"prebuiltIncPath":	[],
						"prebuiltLibPath":	[]
					},
					"isolation":	{
					}
				}]
		}]
}
LOG::2024-01-18.13:59:55::SCWPlatform::Started generating the artifacts platform midi_genie_hw
TRACE::2024-01-18.13:59:55::SCWPlatform::Sanity checking of platform is completed
LOG::2024-01-18.13:59:55::SCWPlatform::Started generating the artifacts for system configuration midi_genie_hw
LOG::2024-01-18.13:59:55::SCWSystem::Started Processing the domain standalone_microblaze_0
TRACE::2024-01-18.13:59:55::SCWDomain::Generating domain artifcats
TRACE::2024-01-18.13:59:55::SCWMssOS::Generating standalone artifcats
TRACE::2024-01-18.13:59:55::SCWMssOS:: Copying the user libraries. 
TRACE::2024-01-18.13:59:55::SCWPlatform::Trying to open the hw design at /home/trainmaster2/Documents/midi-genie/midi-genie/software/midi_genie_hw/hw/design_1_wrapper.xsa
TRACE::2024-01-18.13:59:55::SCWPlatform::DSA given /home/trainmaster2/Documents/midi-genie/midi-genie/software/midi_genie_hw/hw/design_1_wrapper.xsa
TRACE::2024-01-18.13:59:55::SCWPlatform::DSA absoulate path /home/trainmaster2/Documents/midi-genie/midi-genie/software/midi_genie_hw/hw/design_1_wrapper.xsa
TRACE::2024-01-18.13:59:55::SCWPlatform::DSA directory /home/trainmaster2/Documents/midi-genie/midi-genie/software/midi_genie_hw/hw
TRACE::2024-01-18.13:59:55::SCWPlatform:: Platform Path /home/trainmaster2/Documents/midi-genie/midi-genie/software/midi_genie_hw/hw/design_1_wrapper.xsa
TRACE::2024-01-18.13:59:55::SCWPlatform:: Unique name xilinx:cmod_a7-35t::0.0
TRACE::2024-01-18.13:59:55::SCWPlatform::Trying to set the existing hwdb with name design_1_wrapper_0
TRACE::2024-01-18.13:59:55::SCWPlatform::Opened existing hwdb design_1_wrapper_0
TRACE::2024-01-18.13:59:55::SCWPlatform::Found the Hw Db part of the input DSA
TRACE::2024-01-18.13:59:55::SCWMssOS::Checking the sw design at  /home/trainmaster2/Documents/midi-genie/midi-genie/software/midi_genie_hw/microblaze_0/standalone_microblaze_0/bsp/system.mss
TRACE::2024-01-18.13:59:55::SCWMssOS::DEBUG:  swdes dump  /home/trainmaster2/Documents/midi-genie/midi-genie/software/midi_genie_hw/microblaze_0/standalone_microblaze_0/bsp/system.mss|system||

TRACE::2024-01-18.13:59:55::SCWMssOS::Sw design exists and opened at  /home/trainmaster2/Documents/midi-genie/midi-genie/software/midi_genie_hw/microblaze_0/standalone_microblaze_0/bsp/system.mss
TRACE::2024-01-18.13:59:55::SCWMssOS::Completed writing the mss file at /home/trainmaster2/Documents/midi-genie/midi-genie/software/midi_genie_hw/microblaze_0/standalone_microblaze_0/bsp
TRACE::2024-01-18.13:59:55::SCWMssOS::Mss edits present, copying mssfile into export location /home/trainmaster2/Documents/midi-genie/midi-genie/software/midi_genie_hw/microblaze_0/standalone_microblaze_0/bsp/system.mss
TRACE::2024-01-18.13:59:55::SCWMssOS::bsp generated is upto date with the mss file. Skipping bsp generation.
TRACE::2024-01-18.13:59:55::SCWMssOS::BSP is already built. skipping the bsp build ... 
TRACE::2024-01-18.13:59:55::SCWDomain::Building the domain as part of full build :  standalone_microblaze_0
TRACE::2024-01-18.13:59:55::SCWMssOS::skipping the bsp build ... 
TRACE::2024-01-18.13:59:55::SCWMssOS::Copying to export directory.
TRACE::2024-01-18.13:59:55::SCWMssOS:: Checking if to create the Supporting Applications
TRACE::2024-01-18.13:59:55::SCWMssOS:: No Linux domain exists, trying to generate FSBL 
LOG::2024-01-18.13:59:55::SCWSystem::Completed Processing the domain standalone_microblaze_0
LOG::2024-01-18.13:59:55::SCWSystem::Completed Processing the sysconfig midi_genie_hw
LOG::2024-01-18.13:59:55::SCWPlatform::Completed generating the artifacts for system configuration midi_genie_hw
TRACE::2024-01-18.13:59:55::SCWPlatform::Started preparing the platform 
TRACE::2024-01-18.13:59:55::SCWSystem::Writing the bif file for system config midi_genie_hw
TRACE::2024-01-18.13:59:55::SCWSystem::dir created 
TRACE::2024-01-18.13:59:55::SCWSystem::Writing the bif 
TRACE::2024-01-18.13:59:55::SCWPlatform::Started writing the spfm file 
TRACE::2024-01-18.13:59:55::SCWPlatform::Started writing the xpfm file 
TRACE::2024-01-18.13:59:55::SCWPlatform::Completed generating the platform
TRACE::2024-01-18.13:59:55::SCWMssOS::Saving the mss changes /home/trainmaster2/Documents/midi-genie/midi-genie/software/midi_genie_hw/microblaze_0/standalone_microblaze_0/bsp/system.mss
TRACE::2024-01-18.13:59:55::SCWMssOS::Found a swdesign opened with the mssfile.
TRACE::2024-01-18.13:59:55::SCWMssOS::Completed writemss as part of save.
TRACE::2024-01-18.13:59:55::SCWMssOS::Commit changes completed.
TRACE::2024-01-18.13:59:55::SCWPlatform::Trying to open the hw design at /home/trainmaster2/Documents/midi-genie/midi-genie/software/midi_genie_hw/hw/design_1_wrapper.xsa
TRACE::2024-01-18.13:59:55::SCWPlatform::DSA given /home/trainmaster2/Documents/midi-genie/midi-genie/software/midi_genie_hw/hw/design_1_wrapper.xsa
TRACE::2024-01-18.13:59:55::SCWPlatform::DSA absoulate path /home/trainmaster2/Documents/midi-genie/midi-genie/software/midi_genie_hw/hw/design_1_wrapper.xsa
TRACE::2024-01-18.13:59:55::SCWPlatform::DSA directory /home/trainmaster2/Documents/midi-genie/midi-genie/software/midi_genie_hw/hw
TRACE::2024-01-18.13:59:55::SCWPlatform:: Platform Path /home/trainmaster2/Documents/midi-genie/midi-genie/software/midi_genie_hw/hw/design_1_wrapper.xsa
TRACE::2024-01-18.13:59:55::SCWPlatform:: Unique name xilinx:cmod_a7-35t::0.0
TRACE::2024-01-18.13:59:55::SCWPlatform::Trying to set the existing hwdb with name design_1_wrapper_0
TRACE::2024-01-18.13:59:55::SCWPlatform::Opened existing hwdb design_1_wrapper_0
TRACE::2024-01-18.13:59:55::SCWPlatform::Found the Hw Db part of the input DSA
TRACE::2024-01-18.13:59:55::SCWMssOS::Checking the sw design at  /home/trainmaster2/Documents/midi-genie/midi-genie/software/midi_genie_hw/microblaze_0/standalone_microblaze_0/bsp/system.mss
TRACE::2024-01-18.13:59:55::SCWMssOS::DEBUG:  swdes dump  /home/trainmaster2/Documents/midi-genie/midi-genie/software/midi_genie_hw/microblaze_0/standalone_microblaze_0/bsp/system.mss|system||

TRACE::2024-01-18.13:59:55::SCWMssOS::Sw design exists and opened at  /home/trainmaster2/Documents/midi-genie/midi-genie/software/midi_genie_hw/microblaze_0/standalone_microblaze_0/bsp/system.mss
TRACE::2024-01-18.13:59:55::SCWPlatform::Trying to open the hw design at /home/trainmaster2/Documents/midi-genie/midi-genie/software/midi_genie_hw/hw/design_1_wrapper.xsa
TRACE::2024-01-18.13:59:55::SCWPlatform::DSA given /home/trainmaster2/Documents/midi-genie/midi-genie/software/midi_genie_hw/hw/design_1_wrapper.xsa
TRACE::2024-01-18.13:59:55::SCWPlatform::DSA absoulate path /home/trainmaster2/Documents/midi-genie/midi-genie/software/midi_genie_hw/hw/design_1_wrapper.xsa
TRACE::2024-01-18.13:59:55::SCWPlatform::DSA directory /home/trainmaster2/Documents/midi-genie/midi-genie/software/midi_genie_hw/hw
TRACE::2024-01-18.13:59:55::SCWPlatform:: Platform Path /home/trainmaster2/Documents/midi-genie/midi-genie/software/midi_genie_hw/hw/design_1_wrapper.xsa
TRACE::2024-01-18.13:59:55::SCWPlatform:: Unique name xilinx:cmod_a7-35t::0.0
TRACE::2024-01-18.13:59:55::SCWPlatform::Trying to set the existing hwdb with name design_1_wrapper_0
TRACE::2024-01-18.13:59:55::SCWPlatform::Opened existing hwdb design_1_wrapper_0
TRACE::2024-01-18.13:59:55::SCWPlatform::Found the Hw Db part of the input DSA
TRACE::2024-01-18.13:59:55::SCWMssOS::Checking the sw design at  /home/trainmaster2/Documents/midi-genie/midi-genie/software/midi_genie_hw/microblaze_0/standalone_microblaze_0/bsp/system.mss
TRACE::2024-01-18.13:59:55::SCWMssOS::DEBUG:  swdes dump  /home/trainmaster2/Documents/midi-genie/midi-genie/software/midi_genie_hw/microblaze_0/standalone_microblaze_0/bsp/system.mss|system||

TRACE::2024-01-18.13:59:55::SCWMssOS::Sw design exists and opened at  /home/trainmaster2/Documents/midi-genie/midi-genie/software/midi_genie_hw/microblaze_0/standalone_microblaze_0/bsp/system.mss
TRACE::2024-01-18.13:59:55::SCWPlatform::Trying to open the hw design at /home/trainmaster2/Documents/midi-genie/midi-genie/software/midi_genie_hw/hw/design_1_wrapper.xsa
TRACE::2024-01-18.13:59:55::SCWPlatform::DSA given /home/trainmaster2/Documents/midi-genie/midi-genie/software/midi_genie_hw/hw/design_1_wrapper.xsa
TRACE::2024-01-18.13:59:55::SCWPlatform::DSA absoulate path /home/trainmaster2/Documents/midi-genie/midi-genie/software/midi_genie_hw/hw/design_1_wrapper.xsa
TRACE::2024-01-18.13:59:55::SCWPlatform::DSA directory /home/trainmaster2/Documents/midi-genie/midi-genie/software/midi_genie_hw/hw
TRACE::2024-01-18.13:59:55::SCWPlatform:: Platform Path /home/trainmaster2/Documents/midi-genie/midi-genie/software/midi_genie_hw/hw/design_1_wrapper.xsa
TRACE::2024-01-18.13:59:55::SCWPlatform:: Unique name xilinx:cmod_a7-35t::0.0
TRACE::2024-01-18.13:59:55::SCWPlatform::Trying to set the existing hwdb with name design_1_wrapper_0
TRACE::2024-01-18.13:59:55::SCWPlatform::Opened existing hwdb design_1_wrapper_0
TRACE::2024-01-18.13:59:55::SCWPlatform::Found the Hw Db part of the input DSA
TRACE::2024-01-18.13:59:55::SCWMssOS::Checking the sw design at  /home/trainmaster2/Documents/midi-genie/midi-genie/software/midi_genie_hw/microblaze_0/standalone_microblaze_0/bsp/system.mss
TRACE::2024-01-18.13:59:55::SCWMssOS::DEBUG:  swdes dump  /home/trainmaster2/Documents/midi-genie/midi-genie/software/midi_genie_hw/microblaze_0/standalone_microblaze_0/bsp/system.mss|system||

TRACE::2024-01-18.13:59:55::SCWMssOS::Sw design exists and opened at  /home/trainmaster2/Documents/midi-genie/midi-genie/software/midi_genie_hw/microblaze_0/standalone_microblaze_0/bsp/system.mss
TRACE::2024-01-18.13:59:55::SCWWriter::formatted JSON is {
	"platformName":	"midi_genie_hw",
	"sprVersion":	"2.0",
	"mode":	"gui",
	"dsaType":	"Fixed",
	"platformDesc":	"midi_genie_hw",
	"platHandOff":	"/home/trainmaster2/Documents/midi-genie/midi-genie/design_1_wrapper.xsa",
	"platIntHandOff":	"<platformDir>/hw/design_1_wrapper.xsa",
	"deviceType":	"FPGA",
	"platIsPrebuiltAutogen":	"false",
	"platIsNoBootBsp":	"false",
	"hasFsblMakeHasChanges":	"false",
	"hasPmufwMakeHasChanges":	"false",
	"platPreBuiltFlag":	false,
	"platformSamplesDir":	"",
	"platActiveSys":	"midi_genie_hw",
	"systems":	[{
			"systemName":	"midi_genie_hw",
			"systemDesc":	"midi_genie_hw",
			"sysIsBootAutoGen":	"true",
			"systemDispName":	"midi_genie_hw",
			"sysActiveDom":	"standalone_microblaze_0",
			"sysDefaultDom":	"standalone_microblaze_0",
			"domains":	[{
					"domainName":	"standalone_microblaze_0",
					"domainDispName":	"standalone_microblaze_0",
					"domainDesc":	"standalone_microblaze_0",
					"processors":	"microblaze_0",
					"os":	"standalone",
					"sdxOs":	"standalone",
					"debugEnable":	"False",
					"domRuntimes":	["cpp"],
					"swRepo":	"",
					"mssOsVer":	"8.0",
					"mssFile":	"",
					"md5Digest":	"0d748a3c61cb4deeb9aeb2f07863e819",
					"compatibleApp":	"empty_application",
					"domType":	"mssDomain",
					"arch":	"32-bit",
					"appSettings":	{
						"appCompilerFlags":	"",
						"appLinkerFlags":	""
					},
					"addedLibs":	[],
					"libOptions":	{
						"libsContainingOptions":	[]
					},
					"prebuiltLibs":	{
						"prebuiltIncPath":	[],
						"prebuiltLibPath":	[]
					},
					"isolation":	{
					}
				}]
		}]
}
KEYINFO::2024-01-18.13:59:55::SCWPlatform::updated the xpfm file.
LOG::2024-01-18.14:02:18::SCWPlatform::Started generating the artifacts platform midi_genie_hw
TRACE::2024-01-18.14:02:18::SCWPlatform::Sanity checking of platform is completed
LOG::2024-01-18.14:02:18::SCWPlatform::Started generating the artifacts for system configuration midi_genie_hw
LOG::2024-01-18.14:02:18::SCWSystem::Checking the domain standalone_microblaze_0
LOG::2024-01-18.14:02:18::SCWSystem::Not a boot domain 
LOG::2024-01-18.14:02:18::SCWSystem::Started Processing the domain standalone_microblaze_0
TRACE::2024-01-18.14:02:18::SCWDomain::Generating domain artifcats
TRACE::2024-01-18.14:02:18::SCWMssOS::Generating standalone artifcats
TRACE::2024-01-18.14:02:18::SCWMssOS:: Copying the user libraries. 
TRACE::2024-01-18.14:02:18::SCWPlatform::Trying to open the hw design at /home/trainmaster2/Documents/midi-genie/midi-genie/software/midi_genie_hw/hw/design_1_wrapper.xsa
TRACE::2024-01-18.14:02:18::SCWPlatform::DSA given /home/trainmaster2/Documents/midi-genie/midi-genie/software/midi_genie_hw/hw/design_1_wrapper.xsa
TRACE::2024-01-18.14:02:18::SCWPlatform::DSA absoulate path /home/trainmaster2/Documents/midi-genie/midi-genie/software/midi_genie_hw/hw/design_1_wrapper.xsa
TRACE::2024-01-18.14:02:18::SCWPlatform::DSA directory /home/trainmaster2/Documents/midi-genie/midi-genie/software/midi_genie_hw/hw
TRACE::2024-01-18.14:02:18::SCWPlatform:: Platform Path /home/trainmaster2/Documents/midi-genie/midi-genie/software/midi_genie_hw/hw/design_1_wrapper.xsa
TRACE::2024-01-18.14:02:18::SCWPlatform:: Unique name xilinx:cmod_a7-35t::0.0
TRACE::2024-01-18.14:02:18::SCWPlatform::Trying to set the existing hwdb with name design_1_wrapper_0
TRACE::2024-01-18.14:02:18::SCWPlatform::Opened existing hwdb design_1_wrapper_0
TRACE::2024-01-18.14:02:18::SCWPlatform::Found the Hw Db part of the input DSA
TRACE::2024-01-18.14:02:18::SCWMssOS::Checking the sw design at  /home/trainmaster2/Documents/midi-genie/midi-genie/software/midi_genie_hw/microblaze_0/standalone_microblaze_0/bsp/system.mss
TRACE::2024-01-18.14:02:18::SCWMssOS::DEBUG:  swdes dump  /home/trainmaster2/Documents/midi-genie/midi-genie/software/midi_genie_hw/microblaze_0/standalone_microblaze_0/bsp/system.mss|system||

TRACE::2024-01-18.14:02:18::SCWMssOS::Sw design exists and opened at  /home/trainmaster2/Documents/midi-genie/midi-genie/software/midi_genie_hw/microblaze_0/standalone_microblaze_0/bsp/system.mss
TRACE::2024-01-18.14:02:18::SCWMssOS::Completed writing the mss file at /home/trainmaster2/Documents/midi-genie/midi-genie/software/midi_genie_hw/microblaze_0/standalone_microblaze_0/bsp
TRACE::2024-01-18.14:02:18::SCWMssOS::Mss edits present, copying mssfile into export location /home/trainmaster2/Documents/midi-genie/midi-genie/software/midi_genie_hw/microblaze_0/standalone_microblaze_0/bsp/system.mss
TRACE::2024-01-18.14:02:18::SCWMssOS::bsp generated is upto date with the mss file. Skipping bsp generation.
TRACE::2024-01-18.14:02:18::SCWMssOS::BSP is already built. skipping the bsp build ... 
TRACE::2024-01-18.14:02:18::SCWDomain::Building the domain as part of full build :  standalone_microblaze_0
TRACE::2024-01-18.14:02:18::SCWMssOS::doing bsp build ... 
TRACE::2024-01-18.14:02:18::SCWMssOS::System Command Ran  cd  /home/trainmaster2/Documents/midi-genie/midi-genie/software/midi_genie_hw/microblaze_0/standalone_microblaze_0/bsp ; bash -c "make  " 
TRACE::2024-01-18.14:02:18::SCWMssOS::make --no-print-directory seq_libs

TRACE::2024-01-18.14:02:18::SCWMssOS::Finished building libraries sequentially.

TRACE::2024-01-18.14:02:18::SCWMssOS::make -j 10 --no-print-directory par_libs

TRACE::2024-01-18.14:02:18::SCWMssOS::Running Make include in microblaze_0/libsrc/bram_v4_8/src

TRACE::2024-01-18.14:02:18::SCWMssOS::make -C microblaze_0/libsrc/bram_v4_8/src -s include  "SHELL=/bin/sh" "COMPILER=mb-gcc" "ASSEMBLER=mb-as" "ARCHIVER=mb-ar" "COM
TRACE::2024-01-18.14:02:18::SCWMssOS::PILER_FLAGS=  -O2 -c -mcpu=v11.0 -mhard-float -mlittle-endian -mno-xl-soft-div -mno-xl-soft-mul" "EXTRA_COMPILER_FLAGS=-g -ffun
TRACE::2024-01-18.14:02:18::SCWMssOS::ction-sections -fdata-sections -Wall -Wextra -fno-tree-loop-distribute-patterns"

TRACE::2024-01-18.14:02:18::SCWMssOS::Running Make include in microblaze_0/libsrc/cpu_v2_16/src

TRACE::2024-01-18.14:02:18::SCWMssOS::make -C microblaze_0/libsrc/cpu_v2_16/src -s include  "SHELL=/bin/sh" "COMPILER=mb-gcc" "ASSEMBLER=mb-as" "ARCHIVER=mb-ar" "COM
TRACE::2024-01-18.14:02:18::SCWMssOS::PILER_FLAGS=  -O2 -c -mcpu=v11.0 -mhard-float -mlittle-endian -mno-xl-soft-div -mno-xl-soft-mul" "EXTRA_COMPILER_FLAGS=-g -ffun
TRACE::2024-01-18.14:02:18::SCWMssOS::ction-sections -fdata-sections -Wall -Wextra -fno-tree-loop-distribute-patterns"

TRACE::2024-01-18.14:02:18::SCWMssOS::Running Make include in microblaze_0/libsrc/intc_v3_15/src

TRACE::2024-01-18.14:02:18::SCWMssOS::make -C microblaze_0/libsrc/intc_v3_15/src -s include  "SHELL=/bin/sh" "COMPILER=mb-gcc" "ASSEMBLER=mb-as" "ARCHIVER=mb-ar" "CO
TRACE::2024-01-18.14:02:18::SCWMssOS::MPILER_FLAGS=  -O2 -c -mcpu=v11.0 -mhard-float -mlittle-endian -mno-xl-soft-div -mno-xl-soft-mul" "EXTRA_COMPILER_FLAGS=-g -ffu
TRACE::2024-01-18.14:02:18::SCWMssOS::nction-sections -fdata-sections -Wall -Wextra -fno-tree-loop-distribute-patterns"

TRACE::2024-01-18.14:02:18::SCWMssOS::Running Make include in microblaze_0/libsrc/standalone_v8_0/src

TRACE::2024-01-18.14:02:18::SCWMssOS::make -C microblaze_0/libsrc/standalone_v8_0/src -s include  "SHELL=/bin/sh" "COMPILER=mb-gcc" "ASSEMBLER=mb-as" "ARCHIVER=mb-ar
TRACE::2024-01-18.14:02:18::SCWMssOS::" "COMPILER_FLAGS=  -O2 -c -mcpu=v11.0 -mhard-float -mlittle-endian -mno-xl-soft-div -mno-xl-soft-mul" "EXTRA_COMPILER_FLAGS=-g
TRACE::2024-01-18.14:02:18::SCWMssOS:: -ffunction-sections -fdata-sections -Wall -Wextra -fno-tree-loop-distribute-patterns"

TRACE::2024-01-18.14:02:18::SCWMssOS::Running Make include in microblaze_0/libsrc/uartlite_v3_7/src

TRACE::2024-01-18.14:02:18::SCWMssOS::make -C microblaze_0/libsrc/uartlite_v3_7/src -s include  "SHELL=/bin/sh" "COMPILER=mb-gcc" "ASSEMBLER=mb-as" "ARCHIVER=mb-ar" 
TRACE::2024-01-18.14:02:18::SCWMssOS::"COMPILER_FLAGS=  -O2 -c -mcpu=v11.0 -mhard-float -mlittle-endian -mno-xl-soft-div -mno-xl-soft-mul" "EXTRA_COMPILER_FLAGS=-g -
TRACE::2024-01-18.14:02:18::SCWMssOS::ffunction-sections -fdata-sections -Wall -Wextra -fno-tree-loop-distribute-patterns"

TRACE::2024-01-18.14:02:18::SCWMssOS::Running Make libs in microblaze_0/libsrc/bram_v4_8/src

TRACE::2024-01-18.14:02:18::SCWMssOS::make -C microblaze_0/libsrc/bram_v4_8/src -s libs  "SHELL=/bin/sh" "COMPILER=mb-gcc" "ASSEMBLER=mb-as" "ARCHIVER=mb-ar" "COMPIL
TRACE::2024-01-18.14:02:18::SCWMssOS::ER_FLAGS=  -O2 -c -mcpu=v11.0 -mhard-float -mlittle-endian -mno-xl-soft-div -mno-xl-soft-mul" "EXTRA_COMPILER_FLAGS=-g -ffuncti
TRACE::2024-01-18.14:02:18::SCWMssOS::on-sections -fdata-sections -Wall -Wextra -fno-tree-loop-distribute-patterns"

TRACE::2024-01-18.14:02:18::SCWMssOS::Running Make libs in microblaze_0/libsrc/cpu_v2_16/src

TRACE::2024-01-18.14:02:18::SCWMssOS::make -C microblaze_0/libsrc/cpu_v2_16/src -s libs  "SHELL=/bin/sh" "COMPILER=mb-gcc" "ASSEMBLER=mb-as" "ARCHIVER=mb-ar" "COMPIL
TRACE::2024-01-18.14:02:18::SCWMssOS::ER_FLAGS=  -O2 -c -mcpu=v11.0 -mhard-float -mlittle-endian -mno-xl-soft-div -mno-xl-soft-mul" "EXTRA_COMPILER_FLAGS=-g -ffuncti
TRACE::2024-01-18.14:02:18::SCWMssOS::on-sections -fdata-sections -Wall -Wextra -fno-tree-loop-distribute-patterns"

TRACE::2024-01-18.14:02:18::SCWMssOS::Running Make libs in microblaze_0/libsrc/intc_v3_15/src

TRACE::2024-01-18.14:02:18::SCWMssOS::make -C microblaze_0/libsrc/intc_v3_15/src -s libs  "SHELL=/bin/sh" "COMPILER=mb-gcc" "ASSEMBLER=mb-as" "ARCHIVER=mb-ar" "COMPI
TRACE::2024-01-18.14:02:18::SCWMssOS::LER_FLAGS=  -O2 -c -mcpu=v11.0 -mhard-float -mlittle-endian -mno-xl-soft-div -mno-xl-soft-mul" "EXTRA_COMPILER_FLAGS=-g -ffunct
TRACE::2024-01-18.14:02:18::SCWMssOS::ion-sections -fdata-sections -Wall -Wextra -fno-tree-loop-distribute-patterns"

TRACE::2024-01-18.14:02:18::SCWMssOS::Running Make libs in microblaze_0/libsrc/standalone_v8_0/src

TRACE::2024-01-18.14:02:18::SCWMssOS::make -C microblaze_0/libsrc/standalone_v8_0/src -s libs  "SHELL=/bin/sh" "COMPILER=mb-gcc" "ASSEMBLER=mb-as" "ARCHIVER=mb-ar" "
TRACE::2024-01-18.14:02:18::SCWMssOS::COMPILER_FLAGS=  -O2 -c -mcpu=v11.0 -mhard-float -mlittle-endian -mno-xl-soft-div -mno-xl-soft-mul" "EXTRA_COMPILER_FLAGS=-g -f
TRACE::2024-01-18.14:02:18::SCWMssOS::function-sections -fdata-sections -Wall -Wextra -fno-tree-loop-distribute-patterns"

TRACE::2024-01-18.14:02:18::SCWMssOS::Running Make libs in microblaze_0/libsrc/uartlite_v3_7/src

TRACE::2024-01-18.14:02:18::SCWMssOS::make -C microblaze_0/libsrc/uartlite_v3_7/src -s libs  "SHELL=/bin/sh" "COMPILER=mb-gcc" "ASSEMBLER=mb-as" "ARCHIVER=mb-ar" "CO
TRACE::2024-01-18.14:02:18::SCWMssOS::MPILER_FLAGS=  -O2 -c -mcpu=v11.0 -mhard-float -mlittle-endian -mno-xl-soft-div -mno-xl-soft-mul" "EXTRA_COMPILER_FLAGS=-g -ffu
TRACE::2024-01-18.14:02:18::SCWMssOS::nction-sections -fdata-sections -Wall -Wextra -fno-tree-loop-distribute-patterns"

TRACE::2024-01-18.14:02:18::SCWMssOS::DEBUG NON_LTO_OBJECTS is ../../../lib/microblaze_interrupt_handler.o

TRACE::2024-01-18.14:02:18::SCWMssOS::Finished building libraries parallelly.

TRACE::2024-01-18.14:02:18::SCWMssOS::make --no-print-directory archive

TRACE::2024-01-18.14:02:18::SCWMssOS::mb-ar -r  microblaze_0/lib/libxil.a microblaze_0/lib/_exit.o microblaze_0/lib/errno.o microblaze_0/lib/fcntl.o microblaze_0/lib
TRACE::2024-01-18.14:02:18::SCWMssOS::/hw_exception_handler.o microblaze_0/lib/inbyte.o microblaze_0/lib/microblaze_disable_dcache.o microblaze_0/lib/microblaze_disa
TRACE::2024-01-18.14:02:18::SCWMssOS::ble_exceptions.o microblaze_0/lib/microblaze_disable_icache.o microblaze_0/lib/microblaze_disable_interrupts.o microblaze_0/lib
TRACE::2024-01-18.14:02:18::SCWMssOS::/microblaze_enable_dcache.o microblaze_0/lib/microblaze_enable_exceptions.o microblaze_0/lib/microblaze_enable_icache.o microbl
TRACE::2024-01-18.14:02:18::SCWMssOS::aze_0/lib/microblaze_enable_interrupts.o microblaze_0/lib/microblaze_exception_handler.o microblaze_0/lib/microblaze_flush_cach
TRACE::2024-01-18.14:02:18::SCWMssOS::e_ext.o microblaze_0/lib/microblaze_flush_cache_ext_range.o microblaze_0/lib/microblaze_flush_dcache.o microblaze_0/lib/microbl
TRACE::2024-01-18.14:02:18::SCWMssOS::aze_flush_dcache_range.o microblaze_0/lib/microblaze_init_dcache_range.o microblaze_0/lib/microblaze_init_icache_range.o microb
TRACE::2024-01-18.14:02:18::SCWMssOS::laze_0/lib/microblaze_interrupt_handler.o microblaze_0/lib/microblaze_interrupts_g.o microblaze_0/lib/microblaze_invalidate_cac
TRACE::2024-01-18.14:02:18::SCWMssOS::he_ext.o microblaze_0/lib/microblaze_invalidate_cache_ext_range.o microblaze_0/lib/microblaze_invalidate_dcache.o microblaze_0/
TRACE::2024-01-18.14:02:18::SCWMssOS::lib/microblaze_invalidate_dcache_range.o microblaze_0/lib/microblaze_invalidate_icache.o microblaze_0/lib/microblaze_invalidate
TRACE::2024-01-18.14:02:18::SCWMssOS::_icache_range.o microblaze_0/lib/microblaze_scrub.o microblaze_0/lib/microblaze_selftest.o microblaze_0/lib/microblaze_sleep.o 
TRACE::2024-01-18.14:02:18::SCWMssOS::microblaze_0/lib/microblaze_update_dcache.o microblaze_0/lib/microblaze_update_icache.o microblaze_0/lib/outbyte.o microblaze_0
TRACE::2024-01-18.14:02:18::SCWMssOS::/lib/print.o microblaze_0/lib/pvr.o microblaze_0/lib/xbram.o microblaze_0/lib/xbram_g.o microblaze_0/lib/xbram_intr.o microblaz
TRACE::2024-01-18.14:02:18::SCWMssOS::e_0/lib/xbram_selftest.o microblaze_0/lib/xbram_sinit.o microblaze_0/lib/xil_assert.o microblaze_0/lib/xil_cache.o microblaze_0
TRACE::2024-01-18.14:02:18::SCWMssOS::/lib/xil_clocking.o microblaze_0/lib/xil_exception.o microblaze_0/lib/xil_mem.o microblaze_0/lib/xil_misc_psreset_api.o microbl
TRACE::2024-01-18.14:02:18::SCWMssOS::aze_0/lib/xil_printf.o microblaze_0/lib/xil_sleepcommon.o microblaze_0/lib/xil_testcache.o microblaze_0/lib/xil_testio.o microb
TRACE::2024-01-18.14:02:18::SCWMssOS::laze_0/lib/xil_testmem.o microblaze_0/lib/xil_util.o microblaze_0/lib/xintc.o microblaze_0/lib/xintc_g.o microblaze_0/lib/xintc
TRACE::2024-01-18.14:02:18::SCWMssOS::_intr.o microblaze_0/lib/xintc_l.o microblaze_0/lib/xintc_options.o microblaze_0/lib/xintc_selftest.o microblaze_0/lib/xinterru
TRACE::2024-01-18.14:02:18::SCWMssOS::pt_wrap.o microblaze_0/lib/xio.o microblaze_0/lib/xplatform_info.o microblaze_0/lib/xuartlite.o microblaze_0/lib/xuartlite_g.o 
TRACE::2024-01-18.14:02:18::SCWMssOS::microblaze_0/lib/xuartlite_intr.o microblaze_0/lib/xuartlite_l.o microblaze_0/lib/xuartlite_selftest.o microblaze_0/lib/xuartli
TRACE::2024-01-18.14:02:18::SCWMssOS::te_sinit.o microblaze_0/lib/xuartlite_stats.o

TRACE::2024-01-18.14:02:18::SCWMssOS::Finished building libraries

TRACE::2024-01-18.14:02:18::SCWMssOS::Copying to export directory.
TRACE::2024-01-18.14:02:18::SCWMssOS:: Checking if to create the Supporting Applications
TRACE::2024-01-18.14:02:18::SCWMssOS:: No Linux domain exists, trying to generate FSBL 
LOG::2024-01-18.14:02:18::SCWSystem::Completed Processing the domain standalone_microblaze_0
LOG::2024-01-18.14:02:18::SCWSystem::Completed Processing the sysconfig midi_genie_hw
LOG::2024-01-18.14:02:18::SCWPlatform::Completed generating the artifacts for system configuration midi_genie_hw
TRACE::2024-01-18.14:02:18::SCWPlatform::Started preparing the platform 
TRACE::2024-01-18.14:02:18::SCWSystem::Writing the bif file for system config midi_genie_hw
TRACE::2024-01-18.14:02:18::SCWSystem::dir created 
TRACE::2024-01-18.14:02:18::SCWSystem::Writing the bif 
TRACE::2024-01-18.14:02:18::SCWPlatform::Started writing the spfm file 
TRACE::2024-01-18.14:02:18::SCWPlatform::Started writing the xpfm file 
TRACE::2024-01-18.14:02:18::SCWPlatform::Completed generating the platform
TRACE::2024-01-18.14:02:18::SCWMssOS::Saving the mss changes /home/trainmaster2/Documents/midi-genie/midi-genie/software/midi_genie_hw/microblaze_0/standalone_microblaze_0/bsp/system.mss
TRACE::2024-01-18.14:02:18::SCWMssOS::Found a swdesign opened with the mssfile.
TRACE::2024-01-18.14:02:18::SCWMssOS::Completed writemss as part of save.
TRACE::2024-01-18.14:02:18::SCWMssOS::Commit changes completed.
TRACE::2024-01-18.14:02:18::SCWPlatform::Trying to open the hw design at /home/trainmaster2/Documents/midi-genie/midi-genie/software/midi_genie_hw/hw/design_1_wrapper.xsa
TRACE::2024-01-18.14:02:18::SCWPlatform::DSA given /home/trainmaster2/Documents/midi-genie/midi-genie/software/midi_genie_hw/hw/design_1_wrapper.xsa
TRACE::2024-01-18.14:02:18::SCWPlatform::DSA absoulate path /home/trainmaster2/Documents/midi-genie/midi-genie/software/midi_genie_hw/hw/design_1_wrapper.xsa
TRACE::2024-01-18.14:02:18::SCWPlatform::DSA directory /home/trainmaster2/Documents/midi-genie/midi-genie/software/midi_genie_hw/hw
TRACE::2024-01-18.14:02:18::SCWPlatform:: Platform Path /home/trainmaster2/Documents/midi-genie/midi-genie/software/midi_genie_hw/hw/design_1_wrapper.xsa
TRACE::2024-01-18.14:02:18::SCWPlatform:: Unique name xilinx:cmod_a7-35t::0.0
TRACE::2024-01-18.14:02:18::SCWPlatform::Trying to set the existing hwdb with name design_1_wrapper_0
TRACE::2024-01-18.14:02:18::SCWPlatform::Opened existing hwdb design_1_wrapper_0
TRACE::2024-01-18.14:02:18::SCWPlatform::Found the Hw Db part of the input DSA
TRACE::2024-01-18.14:02:18::SCWMssOS::Checking the sw design at  /home/trainmaster2/Documents/midi-genie/midi-genie/software/midi_genie_hw/microblaze_0/standalone_microblaze_0/bsp/system.mss
TRACE::2024-01-18.14:02:18::SCWMssOS::DEBUG:  swdes dump  /home/trainmaster2/Documents/midi-genie/midi-genie/software/midi_genie_hw/microblaze_0/standalone_microblaze_0/bsp/system.mss|system||

TRACE::2024-01-18.14:02:18::SCWMssOS::Sw design exists and opened at  /home/trainmaster2/Documents/midi-genie/midi-genie/software/midi_genie_hw/microblaze_0/standalone_microblaze_0/bsp/system.mss
TRACE::2024-01-18.14:02:18::SCWPlatform::Trying to open the hw design at /home/trainmaster2/Documents/midi-genie/midi-genie/software/midi_genie_hw/hw/design_1_wrapper.xsa
TRACE::2024-01-18.14:02:18::SCWPlatform::DSA given /home/trainmaster2/Documents/midi-genie/midi-genie/software/midi_genie_hw/hw/design_1_wrapper.xsa
TRACE::2024-01-18.14:02:18::SCWPlatform::DSA absoulate path /home/trainmaster2/Documents/midi-genie/midi-genie/software/midi_genie_hw/hw/design_1_wrapper.xsa
TRACE::2024-01-18.14:02:18::SCWPlatform::DSA directory /home/trainmaster2/Documents/midi-genie/midi-genie/software/midi_genie_hw/hw
TRACE::2024-01-18.14:02:18::SCWPlatform:: Platform Path /home/trainmaster2/Documents/midi-genie/midi-genie/software/midi_genie_hw/hw/design_1_wrapper.xsa
TRACE::2024-01-18.14:02:18::SCWPlatform:: Unique name xilinx:cmod_a7-35t::0.0
TRACE::2024-01-18.14:02:18::SCWPlatform::Trying to set the existing hwdb with name design_1_wrapper_0
TRACE::2024-01-18.14:02:18::SCWPlatform::Opened existing hwdb design_1_wrapper_0
TRACE::2024-01-18.14:02:18::SCWPlatform::Found the Hw Db part of the input DSA
TRACE::2024-01-18.14:02:18::SCWMssOS::Checking the sw design at  /home/trainmaster2/Documents/midi-genie/midi-genie/software/midi_genie_hw/microblaze_0/standalone_microblaze_0/bsp/system.mss
TRACE::2024-01-18.14:02:18::SCWMssOS::DEBUG:  swdes dump  /home/trainmaster2/Documents/midi-genie/midi-genie/software/midi_genie_hw/microblaze_0/standalone_microblaze_0/bsp/system.mss|system||

TRACE::2024-01-18.14:02:18::SCWMssOS::Sw design exists and opened at  /home/trainmaster2/Documents/midi-genie/midi-genie/software/midi_genie_hw/microblaze_0/standalone_microblaze_0/bsp/system.mss
TRACE::2024-01-18.14:02:18::SCWPlatform::Trying to open the hw design at /home/trainmaster2/Documents/midi-genie/midi-genie/software/midi_genie_hw/hw/design_1_wrapper.xsa
TRACE::2024-01-18.14:02:18::SCWPlatform::DSA given /home/trainmaster2/Documents/midi-genie/midi-genie/software/midi_genie_hw/hw/design_1_wrapper.xsa
TRACE::2024-01-18.14:02:18::SCWPlatform::DSA absoulate path /home/trainmaster2/Documents/midi-genie/midi-genie/software/midi_genie_hw/hw/design_1_wrapper.xsa
TRACE::2024-01-18.14:02:18::SCWPlatform::DSA directory /home/trainmaster2/Documents/midi-genie/midi-genie/software/midi_genie_hw/hw
TRACE::2024-01-18.14:02:18::SCWPlatform:: Platform Path /home/trainmaster2/Documents/midi-genie/midi-genie/software/midi_genie_hw/hw/design_1_wrapper.xsa
TRACE::2024-01-18.14:02:18::SCWPlatform:: Unique name xilinx:cmod_a7-35t::0.0
TRACE::2024-01-18.14:02:18::SCWPlatform::Trying to set the existing hwdb with name design_1_wrapper_0
TRACE::2024-01-18.14:02:18::SCWPlatform::Opened existing hwdb design_1_wrapper_0
TRACE::2024-01-18.14:02:18::SCWPlatform::Found the Hw Db part of the input DSA
TRACE::2024-01-18.14:02:18::SCWMssOS::Checking the sw design at  /home/trainmaster2/Documents/midi-genie/midi-genie/software/midi_genie_hw/microblaze_0/standalone_microblaze_0/bsp/system.mss
TRACE::2024-01-18.14:02:18::SCWMssOS::DEBUG:  swdes dump  /home/trainmaster2/Documents/midi-genie/midi-genie/software/midi_genie_hw/microblaze_0/standalone_microblaze_0/bsp/system.mss|system||

TRACE::2024-01-18.14:02:18::SCWMssOS::Sw design exists and opened at  /home/trainmaster2/Documents/midi-genie/midi-genie/software/midi_genie_hw/microblaze_0/standalone_microblaze_0/bsp/system.mss
TRACE::2024-01-18.14:02:18::SCWWriter::formatted JSON is {
	"platformName":	"midi_genie_hw",
	"sprVersion":	"2.0",
	"mode":	"gui",
	"dsaType":	"Fixed",
	"platformDesc":	"midi_genie_hw",
	"platHandOff":	"/home/trainmaster2/Documents/midi-genie/midi-genie/design_1_wrapper.xsa",
	"platIntHandOff":	"<platformDir>/hw/design_1_wrapper.xsa",
	"deviceType":	"FPGA",
	"platIsPrebuiltAutogen":	"false",
	"platIsNoBootBsp":	"false",
	"hasFsblMakeHasChanges":	"false",
	"hasPmufwMakeHasChanges":	"false",
	"platPreBuiltFlag":	false,
	"platformSamplesDir":	"",
	"platActiveSys":	"midi_genie_hw",
	"systems":	[{
			"systemName":	"midi_genie_hw",
			"systemDesc":	"midi_genie_hw",
			"sysIsBootAutoGen":	"true",
			"systemDispName":	"midi_genie_hw",
			"sysActiveDom":	"standalone_microblaze_0",
			"sysDefaultDom":	"standalone_microblaze_0",
			"domains":	[{
					"domainName":	"standalone_microblaze_0",
					"domainDispName":	"standalone_microblaze_0",
					"domainDesc":	"standalone_microblaze_0",
					"processors":	"microblaze_0",
					"os":	"standalone",
					"sdxOs":	"standalone",
					"debugEnable":	"False",
					"domRuntimes":	["cpp"],
					"swRepo":	"",
					"mssOsVer":	"8.0",
					"mssFile":	"",
					"md5Digest":	"0d748a3c61cb4deeb9aeb2f07863e819",
					"compatibleApp":	"empty_application",
					"domType":	"mssDomain",
					"arch":	"32-bit",
					"appSettings":	{
						"appCompilerFlags":	"",
						"appLinkerFlags":	""
					},
					"addedLibs":	[],
					"libOptions":	{
						"libsContainingOptions":	[]
					},
					"prebuiltLibs":	{
						"prebuiltIncPath":	[],
						"prebuiltLibPath":	[]
					},
					"isolation":	{
					}
				}]
		}]
}
KEYINFO::2024-01-18.14:02:18::SCWPlatform::updated the xpfm file.
TRACE::2024-01-18.14:02:18::SCWPlatform::Trying to open the hw design at /home/trainmaster2/Documents/midi-genie/midi-genie/software/midi_genie_hw/hw/design_1_wrapper.xsa
TRACE::2024-01-18.14:02:18::SCWPlatform::DSA given /home/trainmaster2/Documents/midi-genie/midi-genie/software/midi_genie_hw/hw/design_1_wrapper.xsa
TRACE::2024-01-18.14:02:18::SCWPlatform::DSA absoulate path /home/trainmaster2/Documents/midi-genie/midi-genie/software/midi_genie_hw/hw/design_1_wrapper.xsa
TRACE::2024-01-18.14:02:18::SCWPlatform::DSA directory /home/trainmaster2/Documents/midi-genie/midi-genie/software/midi_genie_hw/hw
TRACE::2024-01-18.14:02:18::SCWPlatform:: Platform Path /home/trainmaster2/Documents/midi-genie/midi-genie/software/midi_genie_hw/hw/design_1_wrapper.xsa
TRACE::2024-01-18.14:02:18::SCWPlatform:: Unique name xilinx:cmod_a7-35t::0.0
TRACE::2024-01-18.14:02:18::SCWPlatform::Trying to set the existing hwdb with name design_1_wrapper_0
TRACE::2024-01-18.14:02:18::SCWPlatform::Opened existing hwdb design_1_wrapper_0
TRACE::2024-01-18.14:02:18::SCWPlatform::Found the Hw Db part of the input DSA
TRACE::2024-01-18.14:02:18::SCWMssOS::Checking the sw design at  /home/trainmaster2/Documents/midi-genie/midi-genie/software/midi_genie_hw/microblaze_0/standalone_microblaze_0/bsp/system.mss
TRACE::2024-01-18.14:02:18::SCWMssOS::DEBUG:  swdes dump  /home/trainmaster2/Documents/midi-genie/midi-genie/software/midi_genie_hw/microblaze_0/standalone_microblaze_0/bsp/system.mss|system||

TRACE::2024-01-18.14:02:18::SCWMssOS::Sw design exists and opened at  /home/trainmaster2/Documents/midi-genie/midi-genie/software/midi_genie_hw/microblaze_0/standalone_microblaze_0/bsp/system.mss
