13:58:47 DEBUG : Logs will be stored at '/home/trainmaster2/Documents/midi-genie/midi-genie/software/IDE.log'.
13:58:49 INFO  : Launching XSCT server: xsct -n  -interactive /home/trainmaster2/Documents/midi-genie/midi-genie/software/temp_xsdb_launch_script.tcl
13:58:49 INFO  : Platform repository initialization has completed.
13:58:49 INFO  : Registering command handlers for Vitis TCF services
13:58:51 INFO  : XSCT server has started successfully.
13:58:51 INFO  : plnx-install-location is set to ''
13:58:51 INFO  : Successfully done setting XSCT server connection channel  
13:58:51 INFO  : Successfully done setting workspace for the tool. 
13:58:51 INFO  : Successfully done query RDI_DATADIR 
13:59:55 INFO  : Result from executing command 'getProjects': midi_genie_hw
13:59:55 INFO  : Result from executing command 'getPlatforms': 
13:59:55 WARN  : An unexpected exception occurred in the module 'platform project logging'
13:59:55 INFO  : Platform 'midi_genie_hw' is added to custom repositories.
14:00:08 INFO  : Platform 'midi_genie_hw' is added to custom repositories.
14:02:08 INFO  : Successfully generated /home/trainmaster2/Documents/midi-genie/midi-genie/software/midi_genie/src/lscript.ld.
14:02:08 INFO  : Applying linker script to all configurations of project midi_genie.
14:02:08 INFO  : Setting rebuild state to true for all configurations of project midi_genie.
14:02:18 INFO  : Result from executing command 'getProjects': midi_genie_hw
14:02:18 INFO  : Result from executing command 'getPlatforms': midi_genie_hw|/home/trainmaster2/Documents/midi-genie/midi-genie/software/midi_genie_hw/export/midi_genie_hw/midi_genie_hw.xpfm
14:02:21 INFO  : Checking for BSP changes to sync application flags for project 'midi_genie'...
14:03:08 INFO  : Connected to target on host '127.0.0.1' and port '3121'.
14:03:09 INFO  : Jtag cable 'Digilent Cmod A7 - 35T 210328B7E907A' is selected.
14:03:09 INFO  : 'jtag frequency' command is executed.
14:03:09 INFO  : 'targets -set -filter {jtag_cable_name =~ "Digilent Cmod A7 - 35T 210328B7E907A" && level==0 && jtag_device_ctx=="jsn-Cmod A7 - 35T-210328B7E907A-0362d093-0"}' command is executed.
14:03:10 INFO  : Device configured successfully with "/home/trainmaster2/Documents/midi-genie/midi-genie/software/midi_genie/_ide/bitstream/design_1_wrapper.bit"
14:03:10 INFO  : Context for processor 'microblaze_0' is selected.
14:03:10 INFO  : Hardware design and registers information is loaded from '/home/trainmaster2/Documents/midi-genie/midi-genie/software/midi_genie_hw/export/midi_genie_hw/hw/design_1_wrapper.xsa'.
14:03:10 INFO  : 'configparams mdm-detect-bscan-mask 2' command is executed.
14:03:10 INFO  : Context for processor 'microblaze_0' is selected.
14:03:10 INFO  : System reset is completed.
14:03:13 INFO  : 'after 3000' command is executed.
14:03:13 INFO  : Context for processor 'microblaze_0' is selected.
14:03:13 INFO  : The application '/home/trainmaster2/Documents/midi-genie/midi-genie/software/midi_genie/Debug/midi_genie.elf' is downloaded to processor 'microblaze_0'.
14:03:13 INFO  : ----------------XSDB Script----------------
connect -url tcp:127.0.0.1:3121
targets -set -filter {jtag_cable_name =~ "Digilent Cmod A7 - 35T 210328B7E907A" && level==0 && jtag_device_ctx=="jsn-Cmod A7 - 35T-210328B7E907A-0362d093-0"}
fpga -file /home/trainmaster2/Documents/midi-genie/midi-genie/software/midi_genie/_ide/bitstream/design_1_wrapper.bit
targets -set -nocase -filter {name =~ "*microblaze*#0" && bscan=="USER2" }
loadhw -hw /home/trainmaster2/Documents/midi-genie/midi-genie/software/midi_genie_hw/export/midi_genie_hw/hw/design_1_wrapper.xsa -regs
configparams mdm-detect-bscan-mask 2
targets -set -nocase -filter {name =~ "*microblaze*#0" && bscan=="USER2" }
rst -system
after 3000
targets -set -nocase -filter {name =~ "*microblaze*#0" && bscan=="USER2" }
dow /home/trainmaster2/Documents/midi-genie/midi-genie/software/midi_genie/Debug/midi_genie.elf
----------------End of Script----------------

14:03:13 INFO  : Context for processor 'microblaze_0' is selected.
14:03:13 INFO  : 'con' command is executed.
14:03:13 INFO  : ----------------XSDB Script (After Launch)----------------
targets -set -nocase -filter {name =~ "*microblaze*#0" && bscan=="USER2" }
con
----------------End of Script----------------

14:03:13 INFO  : Launch script is exported to file '/home/trainmaster2/Documents/midi-genie/midi-genie/software/midi_genie_system/_ide/scripts/debugger_midi_genie-default.tcl'
14:03:33 INFO  : Disconnected from the channel tcfchan#2.
14:03:34 INFO  : Connected to target on host '127.0.0.1' and port '3121'.
14:03:35 INFO  : Jtag cable 'Digilent Cmod A7 - 35T 210328B7E907A' is selected.
14:03:35 INFO  : 'jtag frequency' command is executed.
14:03:35 INFO  : 'targets -set -filter {jtag_cable_name =~ "Digilent Cmod A7 - 35T 210328B7E907A" && level==0 && jtag_device_ctx=="jsn-Cmod A7 - 35T-210328B7E907A-0362d093-0"}' command is executed.
14:03:36 INFO  : Device configured successfully with "/home/trainmaster2/Documents/midi-genie/midi-genie/software/midi_genie/_ide/bitstream/design_1_wrapper.bit"
14:03:36 INFO  : Context for processor 'microblaze_0' is selected.
14:03:36 INFO  : Hardware design and registers information is loaded from '/home/trainmaster2/Documents/midi-genie/midi-genie/software/midi_genie_hw/export/midi_genie_hw/hw/design_1_wrapper.xsa'.
14:03:36 INFO  : 'configparams mdm-detect-bscan-mask 2' command is executed.
14:03:36 INFO  : Context for processor 'microblaze_0' is selected.
14:03:36 INFO  : System reset is completed.
14:03:39 INFO  : 'after 3000' command is executed.
14:03:39 INFO  : Context for processor 'microblaze_0' is selected.
14:03:40 INFO  : The application '/home/trainmaster2/Documents/midi-genie/midi-genie/software/midi_genie/Debug/midi_genie.elf' is downloaded to processor 'microblaze_0'.
14:03:40 INFO  : ----------------XSDB Script----------------
connect -url tcp:127.0.0.1:3121
targets -set -filter {jtag_cable_name =~ "Digilent Cmod A7 - 35T 210328B7E907A" && level==0 && jtag_device_ctx=="jsn-Cmod A7 - 35T-210328B7E907A-0362d093-0"}
fpga -file /home/trainmaster2/Documents/midi-genie/midi-genie/software/midi_genie/_ide/bitstream/design_1_wrapper.bit
targets -set -nocase -filter {name =~ "*microblaze*#0" && bscan=="USER2" }
loadhw -hw /home/trainmaster2/Documents/midi-genie/midi-genie/software/midi_genie_hw/export/midi_genie_hw/hw/design_1_wrapper.xsa -regs
configparams mdm-detect-bscan-mask 2
targets -set -nocase -filter {name =~ "*microblaze*#0" && bscan=="USER2" }
rst -system
after 3000
targets -set -nocase -filter {name =~ "*microblaze*#0" && bscan=="USER2" }
dow /home/trainmaster2/Documents/midi-genie/midi-genie/software/midi_genie/Debug/midi_genie.elf
----------------End of Script----------------

14:03:40 INFO  : Context for processor 'microblaze_0' is selected.
14:03:40 INFO  : 'con' command is executed.
14:03:40 INFO  : ----------------XSDB Script (After Launch)----------------
targets -set -nocase -filter {name =~ "*microblaze*#0" && bscan=="USER2" }
con
----------------End of Script----------------

14:03:40 INFO  : Launch script is exported to file '/home/trainmaster2/Documents/midi-genie/midi-genie/software/midi_genie_system/_ide/scripts/systemdebugger_midi_genie_system_standalone.tcl'
14:04:00 INFO  : Disconnected from the channel tcfchan#3.
14:10:09 DEBUG : Logs will be stored at '/home/trainmaster2/Documents/midi-genie/midi-genie/software/IDE.log'.
14:10:10 INFO  : Launching XSCT server: xsct -n  -interactive /home/trainmaster2/Documents/midi-genie/midi-genie/software/temp_xsdb_launch_script.tcl
14:10:12 INFO  : Platform repository initialization has completed.
14:10:12 INFO  : Registering command handlers for Vitis TCF services
14:10:13 INFO  : XSCT server has started successfully.
14:10:13 INFO  : plnx-install-location is set to ''
14:10:13 INFO  : Successfully done setting XSCT server connection channel  
14:10:13 INFO  : Successfully done query RDI_DATADIR 
14:10:13 INFO  : Successfully done setting workspace for the tool. 
15:29:51 DEBUG : Logs will be stored at '/home/trainmaster2/Documents/midi-genie/midi-genie/software/IDE.log'.
15:29:52 INFO  : Launching XSCT server: xsct -n  -interactive /home/trainmaster2/Documents/midi-genie/midi-genie/software/temp_xsdb_launch_script.tcl
15:29:57 INFO  : Platform repository initialization has completed.
15:29:58 INFO  : Registering command handlers for Vitis TCF services
15:30:00 INFO  : XSCT server has started successfully.
15:30:14 INFO  : Successfully done setting XSCT server connection channel  
15:30:14 INFO  : plnx-install-location is set to ''
15:30:26 INFO  : Successfully done query RDI_DATADIR 
15:30:26 INFO  : Successfully done setting workspace for the tool. 
15:31:08 INFO  : Result from executing command 'getProjects': midi_genie_hw
15:31:08 INFO  : Result from executing command 'getPlatforms': midi_genie_hw|/home/trainmaster2/Documents/midi-genie/midi-genie/software/midi_genie_hw/export/midi_genie_hw/midi_genie_hw.xpfm
15:31:11 INFO  : Checking for BSP changes to sync application flags for project 'midi_genie'...
15:31:37 INFO  : Connected to target on host '127.0.0.1' and port '3121'.
15:31:38 INFO  : Jtag cable 'Digilent Cmod A7 - 35T 210328B7E907A' is selected.
15:31:38 INFO  : 'jtag frequency' command is executed.
15:31:38 INFO  : 'targets -set -filter {jtag_cable_name =~ "Digilent Cmod A7 - 35T 210328B7E907A" && level==0 && jtag_device_ctx=="jsn-Cmod A7 - 35T-210328B7E907A-0362d093-0"}' command is executed.
15:31:39 INFO  : Device configured successfully with "/home/trainmaster2/Documents/midi-genie/midi-genie/software/midi_genie/_ide/bitstream/design_1_wrapper.bit"
15:31:39 INFO  : Context for processor 'microblaze_0' is selected.
15:31:39 INFO  : Hardware design and registers information is loaded from '/home/trainmaster2/Documents/midi-genie/midi-genie/software/midi_genie_hw/export/midi_genie_hw/hw/design_1_wrapper.xsa'.
15:31:39 INFO  : 'configparams mdm-detect-bscan-mask 2' command is executed.
15:31:39 INFO  : Context for processor 'microblaze_0' is selected.
15:31:39 INFO  : System reset is completed.
15:31:42 INFO  : 'after 3000' command is executed.
15:31:42 INFO  : Context for processor 'microblaze_0' is selected.
15:31:42 INFO  : The application '/home/trainmaster2/Documents/midi-genie/midi-genie/software/midi_genie/Debug/midi_genie.elf' is downloaded to processor 'microblaze_0'.
15:31:42 INFO  : ----------------XSDB Script----------------
connect -url tcp:127.0.0.1:3121
targets -set -filter {jtag_cable_name =~ "Digilent Cmod A7 - 35T 210328B7E907A" && level==0 && jtag_device_ctx=="jsn-Cmod A7 - 35T-210328B7E907A-0362d093-0"}
fpga -file /home/trainmaster2/Documents/midi-genie/midi-genie/software/midi_genie/_ide/bitstream/design_1_wrapper.bit
targets -set -nocase -filter {name =~ "*microblaze*#0" && bscan=="USER2" }
loadhw -hw /home/trainmaster2/Documents/midi-genie/midi-genie/software/midi_genie_hw/export/midi_genie_hw/hw/design_1_wrapper.xsa -regs
configparams mdm-detect-bscan-mask 2
targets -set -nocase -filter {name =~ "*microblaze*#0" && bscan=="USER2" }
rst -system
after 3000
targets -set -nocase -filter {name =~ "*microblaze*#0" && bscan=="USER2" }
dow /home/trainmaster2/Documents/midi-genie/midi-genie/software/midi_genie/Debug/midi_genie.elf
----------------End of Script----------------

15:31:43 INFO  : Context for processor 'microblaze_0' is selected.
15:31:43 INFO  : 'con' command is executed.
15:31:43 INFO  : ----------------XSDB Script (After Launch)----------------
targets -set -nocase -filter {name =~ "*microblaze*#0" && bscan=="USER2" }
con
----------------End of Script----------------

15:31:43 INFO  : Launch script is exported to file '/home/trainmaster2/Documents/midi-genie/midi-genie/software/midi_genie_system/_ide/scripts/systemdebugger_midi_genie_system_standalone.tcl'
16:08:34 INFO  : Disconnected from the channel tcfchan#2.
19:45:28 DEBUG : Logs will be stored at '/home/trainmaster2/Documents/midi-genie/midi-genie/software/IDE.log'.
19:45:30 INFO  : Launching XSCT server: xsct -n  -interactive /home/trainmaster2/Documents/midi-genie/midi-genie/software/temp_xsdb_launch_script.tcl
19:45:34 INFO  : Platform repository initialization has completed.
19:45:35 INFO  : Registering command handlers for Vitis TCF services
19:45:36 INFO  : XSCT server has started successfully.
19:45:36 INFO  : Successfully done setting XSCT server connection channel  
19:45:43 INFO  : plnx-install-location is set to ''
19:45:43 INFO  : Successfully done setting workspace for the tool. 
19:45:43 INFO  : Successfully done query RDI_DATADIR 
19:47:29 INFO  : Hardware specification for platform project 'midi_genie_hw' is updated.
19:48:14 INFO  : Result from executing command 'getProjects': midi_genie_hw
19:48:14 INFO  : Result from executing command 'getPlatforms': midi_genie_hw|/home/trainmaster2/Documents/midi-genie/midi-genie/software/midi_genie_hw/export/midi_genie_hw/midi_genie_hw.xpfm
19:48:17 INFO  : Checking for BSP changes to sync application flags for project 'midi_genie'...
19:48:35 INFO  : The hardware specification used by project 'midi_genie' is out of sync with the platform. Resource files extracted from the hardware specification will be updated.
19:48:35 INFO  : The file '/home/trainmaster2/Documents/midi-genie/midi-genie/software/midi_genie/_ide/bitstream/design_1_wrapper.bit' stored in project is removed.
19:48:35 INFO  : The file '/home/trainmaster2/Documents/midi-genie/midi-genie/software/midi_genie/_ide/bitstream/design_1_wrapper.mmi' stored in project is removed.
19:48:35 INFO  : The updated bitstream files are copied from platform to folder '/home/trainmaster2/Documents/midi-genie/midi-genie/software/midi_genie/_ide/bitstream' in project 'midi_genie'.
19:49:13 INFO  : Connected to target on host '127.0.0.1' and port '3121'.
19:49:14 INFO  : Jtag cable 'Digilent Cmod A7 - 35T 210328B7E907A' is selected.
19:49:14 INFO  : 'jtag frequency' command is executed.
19:49:14 INFO  : 'targets -set -filter {jtag_cable_name =~ "Digilent Cmod A7 - 35T 210328B7E907A" && level==0 && jtag_device_ctx=="jsn-Cmod A7 - 35T-210328B7E907A-0362d093-0"}' command is executed.
19:49:15 INFO  : Device configured successfully with "/home/trainmaster2/Documents/midi-genie/midi-genie/software/midi_genie/_ide/bitstream/design_1_wrapper.bit"
19:49:15 INFO  : Context for processor 'microblaze_0' is selected.
19:49:15 INFO  : Hardware design and registers information is loaded from '/home/trainmaster2/Documents/midi-genie/midi-genie/software/midi_genie_hw/export/midi_genie_hw/hw/design_1_wrapper.xsa'.
19:49:15 INFO  : 'configparams mdm-detect-bscan-mask 2' command is executed.
19:49:15 INFO  : Context for processor 'microblaze_0' is selected.
19:49:15 INFO  : System reset is completed.
19:49:18 INFO  : 'after 3000' command is executed.
19:49:18 INFO  : Context for processor 'microblaze_0' is selected.
19:49:18 INFO  : The application '/home/trainmaster2/Documents/midi-genie/midi-genie/software/midi_genie/Debug/midi_genie.elf' is downloaded to processor 'microblaze_0'.
19:49:18 INFO  : ----------------XSDB Script----------------
connect -url tcp:127.0.0.1:3121
targets -set -filter {jtag_cable_name =~ "Digilent Cmod A7 - 35T 210328B7E907A" && level==0 && jtag_device_ctx=="jsn-Cmod A7 - 35T-210328B7E907A-0362d093-0"}
fpga -file /home/trainmaster2/Documents/midi-genie/midi-genie/software/midi_genie/_ide/bitstream/design_1_wrapper.bit
targets -set -nocase -filter {name =~ "*microblaze*#0" && bscan=="USER2" }
loadhw -hw /home/trainmaster2/Documents/midi-genie/midi-genie/software/midi_genie_hw/export/midi_genie_hw/hw/design_1_wrapper.xsa -regs
configparams mdm-detect-bscan-mask 2
targets -set -nocase -filter {name =~ "*microblaze*#0" && bscan=="USER2" }
rst -system
after 3000
targets -set -nocase -filter {name =~ "*microblaze*#0" && bscan=="USER2" }
dow /home/trainmaster2/Documents/midi-genie/midi-genie/software/midi_genie/Debug/midi_genie.elf
----------------End of Script----------------

19:49:18 INFO  : Context for processor 'microblaze_0' is selected.
19:49:18 INFO  : 'con' command is executed.
19:49:18 INFO  : ----------------XSDB Script (After Launch)----------------
targets -set -nocase -filter {name =~ "*microblaze*#0" && bscan=="USER2" }
con
----------------End of Script----------------

19:49:18 INFO  : Launch script is exported to file '/home/trainmaster2/Documents/midi-genie/midi-genie/software/midi_genie_system/_ide/scripts/systemdebugger_midi_genie_system_standalone.tcl'
19:51:49 INFO  : Disconnected from the channel tcfchan#2.
19:51:49 INFO  : Connected to target on host '127.0.0.1' and port '3121'.
19:51:49 INFO  : Jtag cable 'Digilent Cmod A7 - 35T 210328B7E907A' is selected.
19:51:49 INFO  : 'jtag frequency' command is executed.
19:51:49 INFO  : 'targets -set -filter {jtag_cable_name =~ "Digilent Cmod A7 - 35T 210328B7E907A" && level==0 && jtag_device_ctx=="jsn-Cmod A7 - 35T-210328B7E907A-0362d093-0"}' command is executed.
19:51:50 INFO  : Device configured successfully with "/home/trainmaster2/Documents/midi-genie/midi-genie/software/midi_genie/_ide/bitstream/design_1_wrapper.bit"
19:51:50 INFO  : Context for processor 'microblaze_0' is selected.
19:51:50 INFO  : Hardware design and registers information is loaded from '/home/trainmaster2/Documents/midi-genie/midi-genie/software/midi_genie_hw/export/midi_genie_hw/hw/design_1_wrapper.xsa'.
19:51:50 INFO  : 'configparams mdm-detect-bscan-mask 2' command is executed.
19:51:50 INFO  : Context for processor 'microblaze_0' is selected.
19:51:50 INFO  : System reset is completed.
19:51:53 INFO  : 'after 3000' command is executed.
19:51:53 INFO  : Context for processor 'microblaze_0' is selected.
19:51:53 INFO  : The application '/home/trainmaster2/Documents/midi-genie/midi-genie/software/midi_genie/Debug/midi_genie.elf' is downloaded to processor 'microblaze_0'.
19:51:53 INFO  : ----------------XSDB Script----------------
connect -url tcp:127.0.0.1:3121
targets -set -filter {jtag_cable_name =~ "Digilent Cmod A7 - 35T 210328B7E907A" && level==0 && jtag_device_ctx=="jsn-Cmod A7 - 35T-210328B7E907A-0362d093-0"}
fpga -file /home/trainmaster2/Documents/midi-genie/midi-genie/software/midi_genie/_ide/bitstream/design_1_wrapper.bit
targets -set -nocase -filter {name =~ "*microblaze*#0" && bscan=="USER2" }
loadhw -hw /home/trainmaster2/Documents/midi-genie/midi-genie/software/midi_genie_hw/export/midi_genie_hw/hw/design_1_wrapper.xsa -regs
configparams mdm-detect-bscan-mask 2
targets -set -nocase -filter {name =~ "*microblaze*#0" && bscan=="USER2" }
rst -system
after 3000
targets -set -nocase -filter {name =~ "*microblaze*#0" && bscan=="USER2" }
dow /home/trainmaster2/Documents/midi-genie/midi-genie/software/midi_genie/Debug/midi_genie.elf
----------------End of Script----------------

19:51:53 INFO  : Context for processor 'microblaze_0' is selected.
19:51:53 INFO  : 'con' command is executed.
19:51:53 INFO  : ----------------XSDB Script (After Launch)----------------
targets -set -nocase -filter {name =~ "*microblaze*#0" && bscan=="USER2" }
con
----------------End of Script----------------

19:51:53 INFO  : Launch script is exported to file '/home/trainmaster2/Documents/midi-genie/midi-genie/software/midi_genie_system/_ide/scripts/systemdebugger_midi_genie_system_standalone.tcl'
20:06:57 INFO  : Hardware specification for platform project 'midi_genie_hw' is updated.
20:08:03 INFO  : Result from executing command 'getProjects': midi_genie_hw
20:08:03 INFO  : Result from executing command 'getPlatforms': midi_genie_hw|/home/trainmaster2/Documents/midi-genie/midi-genie/software/midi_genie_hw/export/midi_genie_hw/midi_genie_hw.xpfm
20:08:07 INFO  : Checking for BSP changes to sync application flags for project 'midi_genie'...
20:08:23 INFO  : The hardware specification used by project 'midi_genie' is out of sync with the platform. Resource files extracted from the hardware specification will be updated.
20:08:23 INFO  : The file '/home/trainmaster2/Documents/midi-genie/midi-genie/software/midi_genie/_ide/bitstream/design_1_wrapper.bit' stored in project is removed.
20:08:23 INFO  : The file '/home/trainmaster2/Documents/midi-genie/midi-genie/software/midi_genie/_ide/bitstream/design_1_wrapper.mmi' stored in project is removed.
20:08:23 INFO  : The updated bitstream files are copied from platform to folder '/home/trainmaster2/Documents/midi-genie/midi-genie/software/midi_genie/_ide/bitstream' in project 'midi_genie'.
20:11:07 INFO  : Checking for BSP changes to sync application flags for project 'midi_genie'...
20:11:12 INFO  : Disconnected from the channel tcfchan#3.
20:11:12 INFO  : Connected to target on host '127.0.0.1' and port '3121'.
20:11:12 INFO  : Jtag cable 'Digilent Cmod A7 - 35T 210328B7E907A' is selected.
20:11:12 INFO  : 'jtag frequency' command is executed.
20:11:12 INFO  : 'targets -set -filter {jtag_cable_name =~ "Digilent Cmod A7 - 35T 210328B7E907A" && level==0 && jtag_device_ctx=="jsn-Cmod A7 - 35T-210328B7E907A-0362d093-0"}' command is executed.
20:11:13 INFO  : Device configured successfully with "/home/trainmaster2/Documents/midi-genie/midi-genie/software/midi_genie/_ide/bitstream/design_1_wrapper.bit"
20:11:13 INFO  : Context for processor 'microblaze_0' is selected.
20:11:13 INFO  : Hardware design and registers information is loaded from '/home/trainmaster2/Documents/midi-genie/midi-genie/software/midi_genie_hw/export/midi_genie_hw/hw/design_1_wrapper.xsa'.
20:11:13 INFO  : 'configparams mdm-detect-bscan-mask 2' command is executed.
20:11:13 INFO  : Context for processor 'microblaze_0' is selected.
20:11:13 INFO  : System reset is completed.
20:11:16 INFO  : 'after 3000' command is executed.
20:11:16 INFO  : Context for processor 'microblaze_0' is selected.
20:11:16 INFO  : The application '/home/trainmaster2/Documents/midi-genie/midi-genie/software/midi_genie/Debug/midi_genie.elf' is downloaded to processor 'microblaze_0'.
20:11:16 INFO  : ----------------XSDB Script----------------
connect -url tcp:127.0.0.1:3121
targets -set -filter {jtag_cable_name =~ "Digilent Cmod A7 - 35T 210328B7E907A" && level==0 && jtag_device_ctx=="jsn-Cmod A7 - 35T-210328B7E907A-0362d093-0"}
fpga -file /home/trainmaster2/Documents/midi-genie/midi-genie/software/midi_genie/_ide/bitstream/design_1_wrapper.bit
targets -set -nocase -filter {name =~ "*microblaze*#0" && bscan=="USER2" }
loadhw -hw /home/trainmaster2/Documents/midi-genie/midi-genie/software/midi_genie_hw/export/midi_genie_hw/hw/design_1_wrapper.xsa -regs
configparams mdm-detect-bscan-mask 2
targets -set -nocase -filter {name =~ "*microblaze*#0" && bscan=="USER2" }
rst -system
after 3000
targets -set -nocase -filter {name =~ "*microblaze*#0" && bscan=="USER2" }
dow /home/trainmaster2/Documents/midi-genie/midi-genie/software/midi_genie/Debug/midi_genie.elf
----------------End of Script----------------

20:11:16 INFO  : Context for processor 'microblaze_0' is selected.
20:11:16 INFO  : 'con' command is executed.
20:11:16 INFO  : ----------------XSDB Script (After Launch)----------------
targets -set -nocase -filter {name =~ "*microblaze*#0" && bscan=="USER2" }
con
----------------End of Script----------------

20:11:16 INFO  : Launch script is exported to file '/home/trainmaster2/Documents/midi-genie/midi-genie/software/midi_genie_system/_ide/scripts/systemdebugger_midi_genie_system_standalone.tcl'
20:26:10 INFO  : Hardware specification for platform project 'midi_genie_hw' is updated.
20:26:49 INFO  : Result from executing command 'getProjects': midi_genie_hw
20:26:49 INFO  : Result from executing command 'getPlatforms': midi_genie_hw|/home/trainmaster2/Documents/midi-genie/midi-genie/software/midi_genie_hw/export/midi_genie_hw/midi_genie_hw.xpfm
20:26:52 INFO  : Checking for BSP changes to sync application flags for project 'midi_genie'...
20:27:05 INFO  : The hardware specification used by project 'midi_genie' is out of sync with the platform. Resource files extracted from the hardware specification will be updated.
20:27:05 INFO  : The file '/home/trainmaster2/Documents/midi-genie/midi-genie/software/midi_genie/_ide/bitstream/design_1_wrapper.bit' stored in project is removed.
20:27:05 INFO  : The file '/home/trainmaster2/Documents/midi-genie/midi-genie/software/midi_genie/_ide/bitstream/design_1_wrapper.mmi' stored in project is removed.
20:27:05 INFO  : The updated bitstream files are copied from platform to folder '/home/trainmaster2/Documents/midi-genie/midi-genie/software/midi_genie/_ide/bitstream' in project 'midi_genie'.
20:31:08 INFO  : Checking for BSP changes to sync application flags for project 'midi_genie'...
20:31:16 INFO  : Disconnected from the channel tcfchan#5.
20:31:16 INFO  : Connected to target on host '127.0.0.1' and port '3121'.
20:31:16 INFO  : Jtag cable 'Digilent Cmod A7 - 35T 210328B7E907A' is selected.
20:31:16 INFO  : 'jtag frequency' command is executed.
20:31:16 INFO  : 'targets -set -filter {jtag_cable_name =~ "Digilent Cmod A7 - 35T 210328B7E907A" && level==0 && jtag_device_ctx=="jsn-Cmod A7 - 35T-210328B7E907A-0362d093-0"}' command is executed.
20:31:17 INFO  : Device configured successfully with "/home/trainmaster2/Documents/midi-genie/midi-genie/software/midi_genie/_ide/bitstream/design_1_wrapper.bit"
20:31:17 INFO  : Context for processor 'microblaze_0' is selected.
20:31:17 INFO  : Hardware design and registers information is loaded from '/home/trainmaster2/Documents/midi-genie/midi-genie/software/midi_genie_hw/export/midi_genie_hw/hw/design_1_wrapper.xsa'.
20:31:17 INFO  : 'configparams mdm-detect-bscan-mask 2' command is executed.
20:31:17 INFO  : Context for processor 'microblaze_0' is selected.
20:31:17 INFO  : System reset is completed.
20:31:20 INFO  : 'after 3000' command is executed.
20:31:20 INFO  : Context for processor 'microblaze_0' is selected.
20:31:21 INFO  : The application '/home/trainmaster2/Documents/midi-genie/midi-genie/software/midi_genie/Debug/midi_genie.elf' is downloaded to processor 'microblaze_0'.
20:31:21 INFO  : ----------------XSDB Script----------------
connect -url tcp:127.0.0.1:3121
targets -set -filter {jtag_cable_name =~ "Digilent Cmod A7 - 35T 210328B7E907A" && level==0 && jtag_device_ctx=="jsn-Cmod A7 - 35T-210328B7E907A-0362d093-0"}
fpga -file /home/trainmaster2/Documents/midi-genie/midi-genie/software/midi_genie/_ide/bitstream/design_1_wrapper.bit
targets -set -nocase -filter {name =~ "*microblaze*#0" && bscan=="USER2" }
loadhw -hw /home/trainmaster2/Documents/midi-genie/midi-genie/software/midi_genie_hw/export/midi_genie_hw/hw/design_1_wrapper.xsa -regs
configparams mdm-detect-bscan-mask 2
targets -set -nocase -filter {name =~ "*microblaze*#0" && bscan=="USER2" }
rst -system
after 3000
targets -set -nocase -filter {name =~ "*microblaze*#0" && bscan=="USER2" }
dow /home/trainmaster2/Documents/midi-genie/midi-genie/software/midi_genie/Debug/midi_genie.elf
----------------End of Script----------------

20:31:21 INFO  : Context for processor 'microblaze_0' is selected.
20:31:21 INFO  : 'con' command is executed.
20:31:21 INFO  : ----------------XSDB Script (After Launch)----------------
targets -set -nocase -filter {name =~ "*microblaze*#0" && bscan=="USER2" }
con
----------------End of Script----------------

20:31:21 INFO  : Launch script is exported to file '/home/trainmaster2/Documents/midi-genie/midi-genie/software/midi_genie_system/_ide/scripts/systemdebugger_midi_genie_system_standalone.tcl'
20:41:14 INFO  : Hardware specification for platform project 'midi_genie_hw' is updated.
20:41:22 INFO  : Result from executing command 'getProjects': midi_genie_hw
20:41:22 INFO  : Result from executing command 'getPlatforms': midi_genie_hw|/home/trainmaster2/Documents/midi-genie/midi-genie/software/midi_genie_hw/export/midi_genie_hw/midi_genie_hw.xpfm
20:41:25 INFO  : Checking for BSP changes to sync application flags for project 'midi_genie'...
20:41:39 INFO  : The hardware specification used by project 'midi_genie' is out of sync with the platform. Resource files extracted from the hardware specification will be updated.
20:41:39 INFO  : The file '/home/trainmaster2/Documents/midi-genie/midi-genie/software/midi_genie/_ide/bitstream/design_1_wrapper.bit' stored in project is removed.
20:41:39 INFO  : The file '/home/trainmaster2/Documents/midi-genie/midi-genie/software/midi_genie/_ide/bitstream/design_1_wrapper.mmi' stored in project is removed.
20:41:39 INFO  : The updated bitstream files are copied from platform to folder '/home/trainmaster2/Documents/midi-genie/midi-genie/software/midi_genie/_ide/bitstream' in project 'midi_genie'.
20:41:45 INFO  : Disconnected from the channel tcfchan#7.
20:41:45 INFO  : Connected to target on host '127.0.0.1' and port '3121'.
20:41:45 INFO  : Jtag cable 'Digilent Cmod A7 - 35T 210328B7E907A' is selected.
20:41:45 INFO  : 'jtag frequency' command is executed.
20:41:45 INFO  : 'targets -set -filter {jtag_cable_name =~ "Digilent Cmod A7 - 35T 210328B7E907A" && level==0 && jtag_device_ctx=="jsn-Cmod A7 - 35T-210328B7E907A-0362d093-0"}' command is executed.
20:41:46 INFO  : Device configured successfully with "/home/trainmaster2/Documents/midi-genie/midi-genie/software/midi_genie/_ide/bitstream/design_1_wrapper.bit"
20:41:46 INFO  : Context for processor 'microblaze_0' is selected.
20:41:46 INFO  : Hardware design and registers information is loaded from '/home/trainmaster2/Documents/midi-genie/midi-genie/software/midi_genie_hw/export/midi_genie_hw/hw/design_1_wrapper.xsa'.
20:41:46 INFO  : 'configparams mdm-detect-bscan-mask 2' command is executed.
20:41:46 INFO  : Context for processor 'microblaze_0' is selected.
20:41:46 INFO  : System reset is completed.
20:41:49 INFO  : 'after 3000' command is executed.
20:41:49 INFO  : Context for processor 'microblaze_0' is selected.
20:41:49 INFO  : The application '/home/trainmaster2/Documents/midi-genie/midi-genie/software/midi_genie/Debug/midi_genie.elf' is downloaded to processor 'microblaze_0'.
20:41:49 INFO  : ----------------XSDB Script----------------
connect -url tcp:127.0.0.1:3121
targets -set -filter {jtag_cable_name =~ "Digilent Cmod A7 - 35T 210328B7E907A" && level==0 && jtag_device_ctx=="jsn-Cmod A7 - 35T-210328B7E907A-0362d093-0"}
fpga -file /home/trainmaster2/Documents/midi-genie/midi-genie/software/midi_genie/_ide/bitstream/design_1_wrapper.bit
targets -set -nocase -filter {name =~ "*microblaze*#0" && bscan=="USER2" }
loadhw -hw /home/trainmaster2/Documents/midi-genie/midi-genie/software/midi_genie_hw/export/midi_genie_hw/hw/design_1_wrapper.xsa -regs
configparams mdm-detect-bscan-mask 2
targets -set -nocase -filter {name =~ "*microblaze*#0" && bscan=="USER2" }
rst -system
after 3000
targets -set -nocase -filter {name =~ "*microblaze*#0" && bscan=="USER2" }
dow /home/trainmaster2/Documents/midi-genie/midi-genie/software/midi_genie/Debug/midi_genie.elf
----------------End of Script----------------

20:41:49 INFO  : Context for processor 'microblaze_0' is selected.
20:41:49 INFO  : 'con' command is executed.
20:41:49 INFO  : ----------------XSDB Script (After Launch)----------------
targets -set -nocase -filter {name =~ "*microblaze*#0" && bscan=="USER2" }
con
----------------End of Script----------------

20:41:49 INFO  : Launch script is exported to file '/home/trainmaster2/Documents/midi-genie/midi-genie/software/midi_genie_system/_ide/scripts/systemdebugger_midi_genie_system_standalone.tcl'
21:09:01 INFO  : Hardware specification for platform project 'midi_genie_hw' is updated.
21:10:04 INFO  : Hardware specification for platform project 'midi_genie_hw' is updated.
21:10:12 INFO  : Result from executing command 'getProjects': midi_genie_hw
21:10:12 INFO  : Result from executing command 'getPlatforms': midi_genie_hw|/home/trainmaster2/Documents/midi-genie/midi-genie/software/midi_genie_hw/export/midi_genie_hw/midi_genie_hw.xpfm
21:10:15 INFO  : Checking for BSP changes to sync application flags for project 'midi_genie'...
21:10:29 INFO  : The hardware specification used by project 'midi_genie' is out of sync with the platform. Resource files extracted from the hardware specification will be updated.
21:10:29 INFO  : The file '/home/trainmaster2/Documents/midi-genie/midi-genie/software/midi_genie/_ide/bitstream/design_1_wrapper.bit' stored in project is removed.
21:10:29 INFO  : The file '/home/trainmaster2/Documents/midi-genie/midi-genie/software/midi_genie/_ide/bitstream/design_1_wrapper.mmi' stored in project is removed.
21:10:29 INFO  : The updated bitstream files are copied from platform to folder '/home/trainmaster2/Documents/midi-genie/midi-genie/software/midi_genie/_ide/bitstream' in project 'midi_genie'.
21:10:32 INFO  : Disconnected from the channel tcfchan#9.
21:10:33 INFO  : Connected to target on host '127.0.0.1' and port '3121'.
21:10:33 INFO  : Jtag cable 'Digilent Cmod A7 - 35T 210328B7E907A' is selected.
21:10:33 INFO  : 'jtag frequency' command is executed.
21:10:33 INFO  : 'targets -set -filter {jtag_cable_name =~ "Digilent Cmod A7 - 35T 210328B7E907A" && level==0 && jtag_device_ctx=="jsn-Cmod A7 - 35T-210328B7E907A-0362d093-0"}' command is executed.
21:10:34 INFO  : Device configured successfully with "/home/trainmaster2/Documents/midi-genie/midi-genie/software/midi_genie/_ide/bitstream/design_1_wrapper.bit"
21:10:34 INFO  : Context for processor 'microblaze_0' is selected.
21:10:34 INFO  : Hardware design and registers information is loaded from '/home/trainmaster2/Documents/midi-genie/midi-genie/software/midi_genie_hw/export/midi_genie_hw/hw/design_1_wrapper.xsa'.
21:10:34 INFO  : 'configparams mdm-detect-bscan-mask 2' command is executed.
21:10:34 INFO  : Context for processor 'microblaze_0' is selected.
21:10:34 INFO  : System reset is completed.
21:10:37 INFO  : 'after 3000' command is executed.
21:10:37 INFO  : Context for processor 'microblaze_0' is selected.
21:10:37 INFO  : The application '/home/trainmaster2/Documents/midi-genie/midi-genie/software/midi_genie/Debug/midi_genie.elf' is downloaded to processor 'microblaze_0'.
21:10:37 INFO  : ----------------XSDB Script----------------
connect -url tcp:127.0.0.1:3121
targets -set -filter {jtag_cable_name =~ "Digilent Cmod A7 - 35T 210328B7E907A" && level==0 && jtag_device_ctx=="jsn-Cmod A7 - 35T-210328B7E907A-0362d093-0"}
fpga -file /home/trainmaster2/Documents/midi-genie/midi-genie/software/midi_genie/_ide/bitstream/design_1_wrapper.bit
targets -set -nocase -filter {name =~ "*microblaze*#0" && bscan=="USER2" }
loadhw -hw /home/trainmaster2/Documents/midi-genie/midi-genie/software/midi_genie_hw/export/midi_genie_hw/hw/design_1_wrapper.xsa -regs
configparams mdm-detect-bscan-mask 2
targets -set -nocase -filter {name =~ "*microblaze*#0" && bscan=="USER2" }
rst -system
after 3000
targets -set -nocase -filter {name =~ "*microblaze*#0" && bscan=="USER2" }
dow /home/trainmaster2/Documents/midi-genie/midi-genie/software/midi_genie/Debug/midi_genie.elf
----------------End of Script----------------

21:10:37 INFO  : Context for processor 'microblaze_0' is selected.
21:10:37 INFO  : 'con' command is executed.
21:10:37 INFO  : ----------------XSDB Script (After Launch)----------------
targets -set -nocase -filter {name =~ "*microblaze*#0" && bscan=="USER2" }
con
----------------End of Script----------------

21:10:37 INFO  : Launch script is exported to file '/home/trainmaster2/Documents/midi-genie/midi-genie/software/midi_genie_system/_ide/scripts/systemdebugger_midi_genie_system_standalone.tcl'
21:19:33 INFO  : Hardware specification for platform project 'midi_genie_hw' is updated.
21:19:45 INFO  : Result from executing command 'getProjects': midi_genie_hw
21:19:45 INFO  : Result from executing command 'getPlatforms': midi_genie_hw|/home/trainmaster2/Documents/midi-genie/midi-genie/software/midi_genie_hw/export/midi_genie_hw/midi_genie_hw.xpfm
21:19:49 INFO  : Checking for BSP changes to sync application flags for project 'midi_genie'...
21:20:04 INFO  : The hardware specification used by project 'midi_genie' is out of sync with the platform. Resource files extracted from the hardware specification will be updated.
21:20:04 INFO  : The file '/home/trainmaster2/Documents/midi-genie/midi-genie/software/midi_genie/_ide/bitstream/design_1_wrapper.bit' stored in project is removed.
21:20:04 INFO  : The file '/home/trainmaster2/Documents/midi-genie/midi-genie/software/midi_genie/_ide/bitstream/design_1_wrapper.mmi' stored in project is removed.
21:20:04 INFO  : The updated bitstream files are copied from platform to folder '/home/trainmaster2/Documents/midi-genie/midi-genie/software/midi_genie/_ide/bitstream' in project 'midi_genie'.
21:20:15 INFO  : Checking for BSP changes to sync application flags for project 'midi_genie'...
21:20:21 INFO  : Disconnected from the channel tcfchan#11.
21:20:21 INFO  : Connected to target on host '127.0.0.1' and port '3121'.
21:20:21 INFO  : Jtag cable 'Digilent Cmod A7 - 35T 210328B7E907A' is selected.
21:20:21 INFO  : 'jtag frequency' command is executed.
21:20:21 INFO  : 'targets -set -filter {jtag_cable_name =~ "Digilent Cmod A7 - 35T 210328B7E907A" && level==0 && jtag_device_ctx=="jsn-Cmod A7 - 35T-210328B7E907A-0362d093-0"}' command is executed.
21:20:22 INFO  : Device configured successfully with "/home/trainmaster2/Documents/midi-genie/midi-genie/software/midi_genie/_ide/bitstream/design_1_wrapper.bit"
21:20:22 INFO  : Context for processor 'microblaze_0' is selected.
21:20:22 INFO  : Hardware design and registers information is loaded from '/home/trainmaster2/Documents/midi-genie/midi-genie/software/midi_genie_hw/export/midi_genie_hw/hw/design_1_wrapper.xsa'.
21:20:22 INFO  : 'configparams mdm-detect-bscan-mask 2' command is executed.
21:20:23 INFO  : Context for processor 'microblaze_0' is selected.
21:20:23 INFO  : System reset is completed.
21:20:26 INFO  : 'after 3000' command is executed.
21:20:26 INFO  : Context for processor 'microblaze_0' is selected.
21:20:26 INFO  : The application '/home/trainmaster2/Documents/midi-genie/midi-genie/software/midi_genie/Debug/midi_genie.elf' is downloaded to processor 'microblaze_0'.
21:20:26 INFO  : ----------------XSDB Script----------------
connect -url tcp:127.0.0.1:3121
targets -set -filter {jtag_cable_name =~ "Digilent Cmod A7 - 35T 210328B7E907A" && level==0 && jtag_device_ctx=="jsn-Cmod A7 - 35T-210328B7E907A-0362d093-0"}
fpga -file /home/trainmaster2/Documents/midi-genie/midi-genie/software/midi_genie/_ide/bitstream/design_1_wrapper.bit
targets -set -nocase -filter {name =~ "*microblaze*#0" && bscan=="USER2" }
loadhw -hw /home/trainmaster2/Documents/midi-genie/midi-genie/software/midi_genie_hw/export/midi_genie_hw/hw/design_1_wrapper.xsa -regs
configparams mdm-detect-bscan-mask 2
targets -set -nocase -filter {name =~ "*microblaze*#0" && bscan=="USER2" }
rst -system
after 3000
targets -set -nocase -filter {name =~ "*microblaze*#0" && bscan=="USER2" }
dow /home/trainmaster2/Documents/midi-genie/midi-genie/software/midi_genie/Debug/midi_genie.elf
----------------End of Script----------------

21:20:26 INFO  : Context for processor 'microblaze_0' is selected.
21:20:26 INFO  : 'con' command is executed.
21:20:26 INFO  : ----------------XSDB Script (After Launch)----------------
targets -set -nocase -filter {name =~ "*microblaze*#0" && bscan=="USER2" }
con
----------------End of Script----------------

21:20:26 INFO  : Launch script is exported to file '/home/trainmaster2/Documents/midi-genie/midi-genie/software/midi_genie_system/_ide/scripts/systemdebugger_midi_genie_system_standalone.tcl'
21:50:45 INFO  : Hardware specification for platform project 'midi_genie_hw' is updated.
21:56:18 INFO  : Result from executing command 'getProjects': midi_genie_hw
21:56:18 INFO  : Result from executing command 'getPlatforms': midi_genie_hw|/home/trainmaster2/Documents/midi-genie/midi-genie/software/midi_genie_hw/export/midi_genie_hw/midi_genie_hw.xpfm
21:56:21 INFO  : Checking for BSP changes to sync application flags for project 'midi_genie'...
21:56:35 INFO  : The hardware specification used by project 'midi_genie' is out of sync with the platform. Resource files extracted from the hardware specification will be updated.
21:56:35 INFO  : The file '/home/trainmaster2/Documents/midi-genie/midi-genie/software/midi_genie/_ide/bitstream/design_1_wrapper.bit' stored in project is removed.
21:56:35 INFO  : The file '/home/trainmaster2/Documents/midi-genie/midi-genie/software/midi_genie/_ide/bitstream/design_1_wrapper.mmi' stored in project is removed.
21:56:35 INFO  : The updated bitstream files are copied from platform to folder '/home/trainmaster2/Documents/midi-genie/midi-genie/software/midi_genie/_ide/bitstream' in project 'midi_genie'.
21:57:17 INFO  : Disconnected from the channel tcfchan#13.
21:57:17 INFO  : Connected to target on host '127.0.0.1' and port '3121'.
21:57:17 INFO  : Jtag cable 'Digilent Cmod A7 - 35T 210328B7E907A' is selected.
21:57:17 INFO  : 'jtag frequency' command is executed.
21:57:17 INFO  : 'targets -set -filter {jtag_cable_name =~ "Digilent Cmod A7 - 35T 210328B7E907A" && level==0 && jtag_device_ctx=="jsn-Cmod A7 - 35T-210328B7E907A-0362d093-0"}' command is executed.
21:57:18 INFO  : Device configured successfully with "/home/trainmaster2/Documents/midi-genie/midi-genie/software/midi_genie/_ide/bitstream/design_1_wrapper.bit"
21:57:18 INFO  : Context for processor 'microblaze_0' is selected.
21:57:18 INFO  : Hardware design and registers information is loaded from '/home/trainmaster2/Documents/midi-genie/midi-genie/software/midi_genie_hw/export/midi_genie_hw/hw/design_1_wrapper.xsa'.
21:57:18 INFO  : 'configparams mdm-detect-bscan-mask 2' command is executed.
21:57:18 INFO  : Context for processor 'microblaze_0' is selected.
21:57:18 INFO  : System reset is completed.
21:57:21 INFO  : 'after 3000' command is executed.
21:57:21 INFO  : Context for processor 'microblaze_0' is selected.
21:57:21 INFO  : The application '/home/trainmaster2/Documents/midi-genie/midi-genie/software/midi_genie/Debug/midi_genie.elf' is downloaded to processor 'microblaze_0'.
21:57:21 INFO  : ----------------XSDB Script----------------
connect -url tcp:127.0.0.1:3121
targets -set -filter {jtag_cable_name =~ "Digilent Cmod A7 - 35T 210328B7E907A" && level==0 && jtag_device_ctx=="jsn-Cmod A7 - 35T-210328B7E907A-0362d093-0"}
fpga -file /home/trainmaster2/Documents/midi-genie/midi-genie/software/midi_genie/_ide/bitstream/design_1_wrapper.bit
targets -set -nocase -filter {name =~ "*microblaze*#0" && bscan=="USER2" }
loadhw -hw /home/trainmaster2/Documents/midi-genie/midi-genie/software/midi_genie_hw/export/midi_genie_hw/hw/design_1_wrapper.xsa -regs
configparams mdm-detect-bscan-mask 2
targets -set -nocase -filter {name =~ "*microblaze*#0" && bscan=="USER2" }
rst -system
after 3000
targets -set -nocase -filter {name =~ "*microblaze*#0" && bscan=="USER2" }
dow /home/trainmaster2/Documents/midi-genie/midi-genie/software/midi_genie/Debug/midi_genie.elf
----------------End of Script----------------

21:57:21 INFO  : Context for processor 'microblaze_0' is selected.
21:57:21 INFO  : 'con' command is executed.
21:57:21 INFO  : ----------------XSDB Script (After Launch)----------------
targets -set -nocase -filter {name =~ "*microblaze*#0" && bscan=="USER2" }
con
----------------End of Script----------------

21:57:21 INFO  : Launch script is exported to file '/home/trainmaster2/Documents/midi-genie/midi-genie/software/midi_genie_system/_ide/scripts/systemdebugger_midi_genie_system_standalone.tcl'
22:05:12 INFO  : Hardware specification for platform project 'midi_genie_hw' is updated.
22:05:29 INFO  : Result from executing command 'getProjects': midi_genie_hw
22:05:29 INFO  : Result from executing command 'getPlatforms': midi_genie_hw|/home/trainmaster2/Documents/midi-genie/midi-genie/software/midi_genie_hw/export/midi_genie_hw/midi_genie_hw.xpfm
22:05:32 INFO  : Checking for BSP changes to sync application flags for project 'midi_genie'...
22:05:46 INFO  : The hardware specification used by project 'midi_genie' is out of sync with the platform. Resource files extracted from the hardware specification will be updated.
22:05:46 INFO  : The file '/home/trainmaster2/Documents/midi-genie/midi-genie/software/midi_genie/_ide/bitstream/design_1_wrapper.bit' stored in project is removed.
22:05:46 INFO  : The file '/home/trainmaster2/Documents/midi-genie/midi-genie/software/midi_genie/_ide/bitstream/design_1_wrapper.mmi' stored in project is removed.
22:05:46 INFO  : The updated bitstream files are copied from platform to folder '/home/trainmaster2/Documents/midi-genie/midi-genie/software/midi_genie/_ide/bitstream' in project 'midi_genie'.
22:06:03 INFO  : Disconnected from the channel tcfchan#15.
22:06:03 INFO  : Connected to target on host '127.0.0.1' and port '3121'.
22:06:03 INFO  : Jtag cable 'Digilent Cmod A7 - 35T 210328B7E907A' is selected.
22:06:03 INFO  : 'jtag frequency' command is executed.
22:06:03 INFO  : 'targets -set -filter {jtag_cable_name =~ "Digilent Cmod A7 - 35T 210328B7E907A" && level==0 && jtag_device_ctx=="jsn-Cmod A7 - 35T-210328B7E907A-0362d093-0"}' command is executed.
22:06:04 INFO  : Device configured successfully with "/home/trainmaster2/Documents/midi-genie/midi-genie/software/midi_genie/_ide/bitstream/design_1_wrapper.bit"
22:06:04 INFO  : Context for processor 'microblaze_0' is selected.
22:06:04 INFO  : Hardware design and registers information is loaded from '/home/trainmaster2/Documents/midi-genie/midi-genie/software/midi_genie_hw/export/midi_genie_hw/hw/design_1_wrapper.xsa'.
22:06:04 INFO  : 'configparams mdm-detect-bscan-mask 2' command is executed.
22:06:04 INFO  : Context for processor 'microblaze_0' is selected.
22:06:04 INFO  : System reset is completed.
22:06:07 INFO  : 'after 3000' command is executed.
22:06:07 INFO  : Context for processor 'microblaze_0' is selected.
22:06:08 INFO  : The application '/home/trainmaster2/Documents/midi-genie/midi-genie/software/midi_genie/Debug/midi_genie.elf' is downloaded to processor 'microblaze_0'.
22:06:08 INFO  : ----------------XSDB Script----------------
connect -url tcp:127.0.0.1:3121
targets -set -filter {jtag_cable_name =~ "Digilent Cmod A7 - 35T 210328B7E907A" && level==0 && jtag_device_ctx=="jsn-Cmod A7 - 35T-210328B7E907A-0362d093-0"}
fpga -file /home/trainmaster2/Documents/midi-genie/midi-genie/software/midi_genie/_ide/bitstream/design_1_wrapper.bit
targets -set -nocase -filter {name =~ "*microblaze*#0" && bscan=="USER2" }
loadhw -hw /home/trainmaster2/Documents/midi-genie/midi-genie/software/midi_genie_hw/export/midi_genie_hw/hw/design_1_wrapper.xsa -regs
configparams mdm-detect-bscan-mask 2
targets -set -nocase -filter {name =~ "*microblaze*#0" && bscan=="USER2" }
rst -system
after 3000
targets -set -nocase -filter {name =~ "*microblaze*#0" && bscan=="USER2" }
dow /home/trainmaster2/Documents/midi-genie/midi-genie/software/midi_genie/Debug/midi_genie.elf
----------------End of Script----------------

22:06:08 INFO  : Context for processor 'microblaze_0' is selected.
22:06:08 INFO  : 'con' command is executed.
22:06:08 INFO  : ----------------XSDB Script (After Launch)----------------
targets -set -nocase -filter {name =~ "*microblaze*#0" && bscan=="USER2" }
con
----------------End of Script----------------

22:06:08 INFO  : Launch script is exported to file '/home/trainmaster2/Documents/midi-genie/midi-genie/software/midi_genie_system/_ide/scripts/systemdebugger_midi_genie_system_standalone.tcl'
22:14:31 INFO  : Hardware specification for platform project 'midi_genie_hw' is updated.
22:15:08 INFO  : Result from executing command 'getProjects': midi_genie_hw
22:15:08 INFO  : Result from executing command 'getPlatforms': midi_genie_hw|/home/trainmaster2/Documents/midi-genie/midi-genie/software/midi_genie_hw/export/midi_genie_hw/midi_genie_hw.xpfm
22:15:11 INFO  : Checking for BSP changes to sync application flags for project 'midi_genie'...
22:15:25 INFO  : The hardware specification used by project 'midi_genie' is out of sync with the platform. Resource files extracted from the hardware specification will be updated.
22:15:25 INFO  : The file '/home/trainmaster2/Documents/midi-genie/midi-genie/software/midi_genie/_ide/bitstream/design_1_wrapper.bit' stored in project is removed.
22:15:25 INFO  : The file '/home/trainmaster2/Documents/midi-genie/midi-genie/software/midi_genie/_ide/bitstream/design_1_wrapper.mmi' stored in project is removed.
22:15:25 INFO  : The updated bitstream files are copied from platform to folder '/home/trainmaster2/Documents/midi-genie/midi-genie/software/midi_genie/_ide/bitstream' in project 'midi_genie'.
22:15:44 INFO  : Checking for BSP changes to sync application flags for project 'midi_genie'...
22:15:50 INFO  : Disconnected from the channel tcfchan#17.
22:15:50 INFO  : Connected to target on host '127.0.0.1' and port '3121'.
22:15:50 INFO  : Jtag cable 'Digilent Cmod A7 - 35T 210328B7E907A' is selected.
22:15:50 INFO  : 'jtag frequency' command is executed.
22:15:50 INFO  : 'targets -set -filter {jtag_cable_name =~ "Digilent Cmod A7 - 35T 210328B7E907A" && level==0 && jtag_device_ctx=="jsn-Cmod A7 - 35T-210328B7E907A-0362d093-0"}' command is executed.
22:15:51 INFO  : Device configured successfully with "/home/trainmaster2/Documents/midi-genie/midi-genie/software/midi_genie/_ide/bitstream/design_1_wrapper.bit"
22:15:52 INFO  : Context for processor 'microblaze_0' is selected.
22:15:52 INFO  : Hardware design and registers information is loaded from '/home/trainmaster2/Documents/midi-genie/midi-genie/software/midi_genie_hw/export/midi_genie_hw/hw/design_1_wrapper.xsa'.
22:15:52 INFO  : 'configparams mdm-detect-bscan-mask 2' command is executed.
22:15:52 INFO  : Context for processor 'microblaze_0' is selected.
22:15:52 INFO  : System reset is completed.
22:15:55 INFO  : 'after 3000' command is executed.
22:15:55 INFO  : Context for processor 'microblaze_0' is selected.
22:15:55 INFO  : The application '/home/trainmaster2/Documents/midi-genie/midi-genie/software/midi_genie/Debug/midi_genie.elf' is downloaded to processor 'microblaze_0'.
22:15:55 INFO  : ----------------XSDB Script----------------
connect -url tcp:127.0.0.1:3121
targets -set -filter {jtag_cable_name =~ "Digilent Cmod A7 - 35T 210328B7E907A" && level==0 && jtag_device_ctx=="jsn-Cmod A7 - 35T-210328B7E907A-0362d093-0"}
fpga -file /home/trainmaster2/Documents/midi-genie/midi-genie/software/midi_genie/_ide/bitstream/design_1_wrapper.bit
targets -set -nocase -filter {name =~ "*microblaze*#0" && bscan=="USER2" }
loadhw -hw /home/trainmaster2/Documents/midi-genie/midi-genie/software/midi_genie_hw/export/midi_genie_hw/hw/design_1_wrapper.xsa -regs
configparams mdm-detect-bscan-mask 2
targets -set -nocase -filter {name =~ "*microblaze*#0" && bscan=="USER2" }
rst -system
after 3000
targets -set -nocase -filter {name =~ "*microblaze*#0" && bscan=="USER2" }
dow /home/trainmaster2/Documents/midi-genie/midi-genie/software/midi_genie/Debug/midi_genie.elf
----------------End of Script----------------

22:15:55 INFO  : Context for processor 'microblaze_0' is selected.
22:15:55 INFO  : 'con' command is executed.
22:15:55 INFO  : ----------------XSDB Script (After Launch)----------------
targets -set -nocase -filter {name =~ "*microblaze*#0" && bscan=="USER2" }
con
----------------End of Script----------------

22:15:55 INFO  : Launch script is exported to file '/home/trainmaster2/Documents/midi-genie/midi-genie/software/midi_genie_system/_ide/scripts/systemdebugger_midi_genie_system_standalone.tcl'
22:33:51 INFO  : Hardware specification for platform project 'midi_genie_hw' is updated.
22:34:23 INFO  : Result from executing command 'getProjects': midi_genie_hw
22:34:23 INFO  : Result from executing command 'getPlatforms': midi_genie_hw|/home/trainmaster2/Documents/midi-genie/midi-genie/software/midi_genie_hw/export/midi_genie_hw/midi_genie_hw.xpfm
22:34:26 INFO  : Checking for BSP changes to sync application flags for project 'midi_genie'...
22:34:40 INFO  : The hardware specification used by project 'midi_genie' is out of sync with the platform. Resource files extracted from the hardware specification will be updated.
22:34:40 INFO  : The file '/home/trainmaster2/Documents/midi-genie/midi-genie/software/midi_genie/_ide/bitstream/design_1_wrapper.bit' stored in project is removed.
22:34:40 INFO  : The file '/home/trainmaster2/Documents/midi-genie/midi-genie/software/midi_genie/_ide/bitstream/design_1_wrapper.mmi' stored in project is removed.
22:34:40 INFO  : The updated bitstream files are copied from platform to folder '/home/trainmaster2/Documents/midi-genie/midi-genie/software/midi_genie/_ide/bitstream' in project 'midi_genie'.
22:39:28 INFO  : Disconnected from the channel tcfchan#19.
22:39:28 INFO  : Connected to target on host '127.0.0.1' and port '3121'.
22:39:28 INFO  : Jtag cable 'Digilent Cmod A7 - 35T 210328B7E907A' is selected.
22:39:28 INFO  : 'jtag frequency' command is executed.
22:39:28 INFO  : 'targets -set -filter {jtag_cable_name =~ "Digilent Cmod A7 - 35T 210328B7E907A" && level==0 && jtag_device_ctx=="jsn-Cmod A7 - 35T-210328B7E907A-0362d093-0"}' command is executed.
22:39:29 INFO  : Device configured successfully with "/home/trainmaster2/Documents/midi-genie/midi-genie/software/midi_genie/_ide/bitstream/design_1_wrapper.bit"
22:39:29 INFO  : Context for processor 'microblaze_0' is selected.
22:39:29 INFO  : Hardware design and registers information is loaded from '/home/trainmaster2/Documents/midi-genie/midi-genie/software/midi_genie_hw/export/midi_genie_hw/hw/design_1_wrapper.xsa'.
22:39:29 INFO  : 'configparams mdm-detect-bscan-mask 2' command is executed.
22:39:29 INFO  : Context for processor 'microblaze_0' is selected.
22:39:29 INFO  : System reset is completed.
22:39:32 INFO  : 'after 3000' command is executed.
22:39:32 INFO  : Context for processor 'microblaze_0' is selected.
22:39:32 INFO  : The application '/home/trainmaster2/Documents/midi-genie/midi-genie/software/midi_genie/Debug/midi_genie.elf' is downloaded to processor 'microblaze_0'.
22:39:32 INFO  : ----------------XSDB Script----------------
connect -url tcp:127.0.0.1:3121
targets -set -filter {jtag_cable_name =~ "Digilent Cmod A7 - 35T 210328B7E907A" && level==0 && jtag_device_ctx=="jsn-Cmod A7 - 35T-210328B7E907A-0362d093-0"}
fpga -file /home/trainmaster2/Documents/midi-genie/midi-genie/software/midi_genie/_ide/bitstream/design_1_wrapper.bit
targets -set -nocase -filter {name =~ "*microblaze*#0" && bscan=="USER2" }
loadhw -hw /home/trainmaster2/Documents/midi-genie/midi-genie/software/midi_genie_hw/export/midi_genie_hw/hw/design_1_wrapper.xsa -regs
configparams mdm-detect-bscan-mask 2
targets -set -nocase -filter {name =~ "*microblaze*#0" && bscan=="USER2" }
rst -system
after 3000
targets -set -nocase -filter {name =~ "*microblaze*#0" && bscan=="USER2" }
dow /home/trainmaster2/Documents/midi-genie/midi-genie/software/midi_genie/Debug/midi_genie.elf
----------------End of Script----------------

22:39:32 INFO  : Context for processor 'microblaze_0' is selected.
22:39:32 INFO  : 'con' command is executed.
22:39:32 INFO  : ----------------XSDB Script (After Launch)----------------
targets -set -nocase -filter {name =~ "*microblaze*#0" && bscan=="USER2" }
con
----------------End of Script----------------

22:39:32 INFO  : Launch script is exported to file '/home/trainmaster2/Documents/midi-genie/midi-genie/software/midi_genie_system/_ide/scripts/systemdebugger_midi_genie_system_standalone.tcl'
23:05:14 INFO  : Hardware specification for platform project 'midi_genie_hw' is updated.
23:05:25 INFO  : Result from executing command 'getProjects': midi_genie_hw
23:05:25 INFO  : Result from executing command 'getPlatforms': midi_genie_hw|/home/trainmaster2/Documents/midi-genie/midi-genie/software/midi_genie_hw/export/midi_genie_hw/midi_genie_hw.xpfm
23:05:28 INFO  : Checking for BSP changes to sync application flags for project 'midi_genie'...
23:05:43 INFO  : The hardware specification used by project 'midi_genie' is out of sync with the platform. Resource files extracted from the hardware specification will be updated.
23:05:43 INFO  : The file '/home/trainmaster2/Documents/midi-genie/midi-genie/software/midi_genie/_ide/bitstream/design_1_wrapper.bit' stored in project is removed.
23:05:43 INFO  : The file '/home/trainmaster2/Documents/midi-genie/midi-genie/software/midi_genie/_ide/bitstream/design_1_wrapper.mmi' stored in project is removed.
23:05:43 INFO  : The updated bitstream files are copied from platform to folder '/home/trainmaster2/Documents/midi-genie/midi-genie/software/midi_genie/_ide/bitstream' in project 'midi_genie'.
23:05:47 INFO  : Disconnected from the channel tcfchan#21.
23:05:47 INFO  : Connected to target on host '127.0.0.1' and port '3121'.
23:05:47 INFO  : Jtag cable 'Digilent Cmod A7 - 35T 210328B7E907A' is selected.
23:05:47 INFO  : 'jtag frequency' command is executed.
23:05:47 INFO  : 'targets -set -filter {jtag_cable_name =~ "Digilent Cmod A7 - 35T 210328B7E907A" && level==0 && jtag_device_ctx=="jsn-Cmod A7 - 35T-210328B7E907A-0362d093-0"}' command is executed.
23:05:48 INFO  : Device configured successfully with "/home/trainmaster2/Documents/midi-genie/midi-genie/software/midi_genie/_ide/bitstream/design_1_wrapper.bit"
23:05:49 INFO  : Context for processor 'microblaze_0' is selected.
23:05:49 INFO  : Hardware design and registers information is loaded from '/home/trainmaster2/Documents/midi-genie/midi-genie/software/midi_genie_hw/export/midi_genie_hw/hw/design_1_wrapper.xsa'.
23:05:49 INFO  : 'configparams mdm-detect-bscan-mask 2' command is executed.
23:05:49 INFO  : Context for processor 'microblaze_0' is selected.
23:05:49 INFO  : System reset is completed.
23:05:52 INFO  : 'after 3000' command is executed.
23:05:52 INFO  : Context for processor 'microblaze_0' is selected.
23:05:52 INFO  : The application '/home/trainmaster2/Documents/midi-genie/midi-genie/software/midi_genie/Debug/midi_genie.elf' is downloaded to processor 'microblaze_0'.
23:05:52 INFO  : ----------------XSDB Script----------------
connect -url tcp:127.0.0.1:3121
targets -set -filter {jtag_cable_name =~ "Digilent Cmod A7 - 35T 210328B7E907A" && level==0 && jtag_device_ctx=="jsn-Cmod A7 - 35T-210328B7E907A-0362d093-0"}
fpga -file /home/trainmaster2/Documents/midi-genie/midi-genie/software/midi_genie/_ide/bitstream/design_1_wrapper.bit
targets -set -nocase -filter {name =~ "*microblaze*#0" && bscan=="USER2" }
loadhw -hw /home/trainmaster2/Documents/midi-genie/midi-genie/software/midi_genie_hw/export/midi_genie_hw/hw/design_1_wrapper.xsa -regs
configparams mdm-detect-bscan-mask 2
targets -set -nocase -filter {name =~ "*microblaze*#0" && bscan=="USER2" }
rst -system
after 3000
targets -set -nocase -filter {name =~ "*microblaze*#0" && bscan=="USER2" }
dow /home/trainmaster2/Documents/midi-genie/midi-genie/software/midi_genie/Debug/midi_genie.elf
----------------End of Script----------------

23:05:52 INFO  : Context for processor 'microblaze_0' is selected.
23:05:52 INFO  : 'con' command is executed.
23:05:52 INFO  : ----------------XSDB Script (After Launch)----------------
targets -set -nocase -filter {name =~ "*microblaze*#0" && bscan=="USER2" }
con
----------------End of Script----------------

23:05:52 INFO  : Launch script is exported to file '/home/trainmaster2/Documents/midi-genie/midi-genie/software/midi_genie_system/_ide/scripts/systemdebugger_midi_genie_system_standalone.tcl'
23:38:40 INFO  : Hardware specification for platform project 'midi_genie_hw' is updated.
23:40:29 INFO  : Result from executing command 'getProjects': midi_genie_hw
23:40:29 INFO  : Result from executing command 'getPlatforms': midi_genie_hw|/home/trainmaster2/Documents/midi-genie/midi-genie/software/midi_genie_hw/export/midi_genie_hw/midi_genie_hw.xpfm
23:40:32 INFO  : Checking for BSP changes to sync application flags for project 'midi_genie'...
23:40:46 INFO  : The hardware specification used by project 'midi_genie' is out of sync with the platform. Resource files extracted from the hardware specification will be updated.
23:40:46 INFO  : The file '/home/trainmaster2/Documents/midi-genie/midi-genie/software/midi_genie/_ide/bitstream/design_1_wrapper.bit' stored in project is removed.
23:40:46 INFO  : The file '/home/trainmaster2/Documents/midi-genie/midi-genie/software/midi_genie/_ide/bitstream/design_1_wrapper.mmi' stored in project is removed.
23:40:46 INFO  : The updated bitstream files are copied from platform to folder '/home/trainmaster2/Documents/midi-genie/midi-genie/software/midi_genie/_ide/bitstream' in project 'midi_genie'.
23:45:28 INFO  : Checking for BSP changes to sync application flags for project 'midi_genie'...
23:45:33 INFO  : Disconnected from the channel tcfchan#23.
23:45:33 INFO  : Connected to target on host '127.0.0.1' and port '3121'.
23:45:33 INFO  : Jtag cable 'Digilent Cmod A7 - 35T 210328B7E907A' is selected.
23:45:33 INFO  : 'jtag frequency' command is executed.
23:45:33 INFO  : 'targets -set -filter {jtag_cable_name =~ "Digilent Cmod A7 - 35T 210328B7E907A" && level==0 && jtag_device_ctx=="jsn-Cmod A7 - 35T-210328B7E907A-0362d093-0"}' command is executed.
23:45:34 INFO  : Device configured successfully with "/home/trainmaster2/Documents/midi-genie/midi-genie/software/midi_genie/_ide/bitstream/design_1_wrapper.bit"
23:45:34 INFO  : Context for processor 'microblaze_0' is selected.
23:45:34 INFO  : Hardware design and registers information is loaded from '/home/trainmaster2/Documents/midi-genie/midi-genie/software/midi_genie_hw/export/midi_genie_hw/hw/design_1_wrapper.xsa'.
23:45:34 INFO  : 'configparams mdm-detect-bscan-mask 2' command is executed.
23:45:34 INFO  : Context for processor 'microblaze_0' is selected.
23:45:34 INFO  : System reset is completed.
23:45:37 INFO  : 'after 3000' command is executed.
23:45:37 INFO  : Context for processor 'microblaze_0' is selected.
23:45:37 INFO  : The application '/home/trainmaster2/Documents/midi-genie/midi-genie/software/midi_genie/Debug/midi_genie.elf' is downloaded to processor 'microblaze_0'.
23:45:37 INFO  : ----------------XSDB Script----------------
connect -url tcp:127.0.0.1:3121
targets -set -filter {jtag_cable_name =~ "Digilent Cmod A7 - 35T 210328B7E907A" && level==0 && jtag_device_ctx=="jsn-Cmod A7 - 35T-210328B7E907A-0362d093-0"}
fpga -file /home/trainmaster2/Documents/midi-genie/midi-genie/software/midi_genie/_ide/bitstream/design_1_wrapper.bit
targets -set -nocase -filter {name =~ "*microblaze*#0" && bscan=="USER2" }
loadhw -hw /home/trainmaster2/Documents/midi-genie/midi-genie/software/midi_genie_hw/export/midi_genie_hw/hw/design_1_wrapper.xsa -regs
configparams mdm-detect-bscan-mask 2
targets -set -nocase -filter {name =~ "*microblaze*#0" && bscan=="USER2" }
rst -system
after 3000
targets -set -nocase -filter {name =~ "*microblaze*#0" && bscan=="USER2" }
dow /home/trainmaster2/Documents/midi-genie/midi-genie/software/midi_genie/Debug/midi_genie.elf
----------------End of Script----------------

23:45:37 INFO  : Context for processor 'microblaze_0' is selected.
23:45:37 INFO  : 'con' command is executed.
23:45:37 INFO  : ----------------XSDB Script (After Launch)----------------
targets -set -nocase -filter {name =~ "*microblaze*#0" && bscan=="USER2" }
con
----------------End of Script----------------

23:45:37 INFO  : Launch script is exported to file '/home/trainmaster2/Documents/midi-genie/midi-genie/software/midi_genie_system/_ide/scripts/systemdebugger_midi_genie_system_standalone.tcl'
23:47:50 INFO  : Disconnected from the channel tcfchan#25.
